"../../../Engine/Content/EngineResources/DefaultTexture.ubulk" 0
"../../../Engine/Content/EngineResources/DefaultTexture.uasset" 1
"../../../Engine/Content/EngineResources/DefaultTexture.uexp" 2
"../../../Engine/Content/EngineResources/DefaultTextureCube.uasset" 3
"../../../Engine/Content/EngineResources/DefaultTextureCube.uexp" 4
"../../../Engine/Content/EngineResources/DefaultVolumeTexture2D.uasset" 5
"../../../Engine/Content/EngineResources/DefaultVolumeTexture2D.uexp" 6
"../../../Engine/Content/EngineResources/DefaultVolumeTexture.uasset" 7
"../../../Engine/Content/EngineResources/DefaultVolumeTexture.uexp" 8
"../../../Engine/Content/EngineMeshes/Sphere.ubulk" 9
"../../../Engine/Content/EngineMeshes/Sphere.uasset" 10
"../../../Engine/Content/EngineMeshes/Sphere.uexp" 11
"../../../Engine/Content/EngineResources/GradientTexture0.uasset" 12
"../../../Engine/Content/EngineResources/GradientTexture0.uexp" 13
"../../../Engine/Content/EngineResources/Black.uasset" 14
"../../../Engine/Content/EngineResources/Black.uexp" 15
"../../../Engine/Content/EngineMaterials/T_Default_Material_Grid_M.ubulk" 16
"../../../Engine/Content/EngineMaterials/T_Default_Material_Grid_M.uasset" 17
"../../../Engine/Content/EngineMaterials/T_Default_Material_Grid_M.uexp" 18
"../../../Engine/Content/EngineMaterials/T_Default_Material_Grid_N.ubulk" 19
"../../../Engine/Content/EngineMaterials/T_Default_Material_Grid_N.uasset" 20
"../../../Engine/Content/EngineMaterials/T_Default_Material_Grid_N.uexp" 21
"../../../Engine/Content/Functions/Engine_MaterialFunctions01/Opacity/CameraDepthFade.uasset" 22
"../../../Engine/Content/Functions/Engine_MaterialFunctions01/Opacity/CameraDepthFade.uexp" 23
"../../../Engine/Content/EngineMaterials/WorldGridMaterial.uasset" 24
"../../../Engine/Content/EngineMaterials/WorldGridMaterial.uexp" 25
"../../../Engine/Content/ArtTools/RenderToTexture/Meshes/S_1_Unit_Plane.ubulk" 26
"../../../Engine/Content/ArtTools/RenderToTexture/Meshes/S_1_Unit_Plane.uasset" 27
"../../../Engine/Content/ArtTools/RenderToTexture/Meshes/S_1_Unit_Plane.uexp" 28
"../../../Engine/Plugins/Media/MediaPlate/Content/SM_MediaPlateScreen.ubulk" 29
"../../../Engine/Plugins/Media/MediaPlate/Content/SM_MediaPlateScreen.uasset" 30
"../../../Engine/Plugins/Media/MediaPlate/Content/SM_MediaPlateScreen.uexp" 31
"../../../Engine/Content/EngineMaterials/Good64x64TilingNoiseHighFreq.uasset" 32
"../../../Engine/Content/EngineMaterials/Good64x64TilingNoiseHighFreq.uexp" 33
"../../../Engine/Content/EngineMaterials/DefaultBokeh.uasset" 34
"../../../Engine/Content/EngineMaterials/DefaultBokeh.uexp" 35
"../../../Engine/Content/EngineMaterials/PreintegratedSkinBRDF.uasset" 36
"../../../Engine/Content/EngineMaterials/PreintegratedSkinBRDF.uexp" 37
"../../../Engine/Content/EngineMaterials/MiniFont.uasset" 38
"../../../Engine/Content/EngineMaterials/MiniFont.uexp" 39
"../../../Engine/Content/EngineMaterials/WeightMapPlaceholderTexture.uasset" 40
"../../../Engine/Content/EngineMaterials/WeightMapPlaceholderTexture.uexp" 41
"../../../Engine/Content/EngineMaterials/DefaultWhiteGrid.ubulk" 42
"../../../Engine/Content/EngineMaterials/DefaultWhiteGrid.uasset" 43
"../../../Engine/Content/EngineMaterials/DefaultWhiteGrid.uexp" 44
"../../../Engine/Content/Animation/DefaultRecorderBoneCompression.uasset" 45
"../../../Engine/Content/Animation/DefaultRecorderBoneCompression.uexp" 46
"../../../Engine/Content/Animation/DefaultAnimCurveCompressionSettings.uasset" 47
"../../../Engine/Content/Animation/DefaultAnimCurveCompressionSettings.uexp" 48
"../../../Engine/Content/Animation/DefaultAnimBoneCompressionSettings.uasset" 49
"../../../Engine/Content/Animation/DefaultAnimBoneCompressionSettings.uexp" 50
"../../../Engine/Plugins/Interchange/Runtime/Content/Pipelines/DefaultSceneLevelPipeline.uasset" 51
"../../../Engine/Plugins/Interchange/Runtime/Content/Pipelines/DefaultSceneLevelPipeline.uexp" 52
"../../../Engine/Content/EngineMaterials/DefaultMaterial.uasset" 53
"../../../Engine/Content/EngineMaterials/DefaultMaterial.uexp" 54
"../../../Engine/Content/BasicShapes/Sphere.ubulk" 55
"../../../Engine/Content/BasicShapes/Sphere.uasset" 56
"../../../Engine/Content/BasicShapes/Sphere.uexp" 57
"../../../Engine/Content/BasicShapes/Plane.ubulk" 58
"../../../Engine/Content/BasicShapes/Plane.uasset" 59
"../../../Engine/Content/BasicShapes/Plane.uexp" 60
"../../../Engine/Content/BasicShapes/Cylinder.ubulk" 61
"../../../Engine/Content/BasicShapes/Cylinder.uasset" 62
"../../../Engine/Content/BasicShapes/Cylinder.uexp" 63
"../../../Engine/Content/BasicShapes/Cube.ubulk" 64
"../../../Engine/Content/BasicShapes/Cube.uasset" 65
"../../../Engine/Content/BasicShapes/Cube.uexp" 66
"../../../Engine/Content/BasicShapes/Cone.ubulk" 67
"../../../Engine/Content/BasicShapes/Cone.uasset" 68
"../../../Engine/Content/BasicShapes/Cone.uexp" 69
"../../../Engine/Content/Functions/Engine_MaterialFunctions02/Utility/MakeFloat4.uasset" 70
"../../../Engine/Content/Functions/Engine_MaterialFunctions02/Utility/MakeFloat4.uexp" 71
"../../../Engine/Content/Functions/Engine_MaterialFunctions02/Utility/MakeFloat3.uasset" 72
"../../../Engine/Content/Functions/Engine_MaterialFunctions02/Utility/MakeFloat3.uexp" 73
"../../../Engine/Content/Functions/Engine_MaterialFunctions02/Utility/BreakOutFloat3Components.uasset" 74
"../../../Engine/Content/Functions/Engine_MaterialFunctions02/Utility/BreakOutFloat3Components.uexp" 75
"../../../Engine/Content/EngineDamageTypes/DmgTypeBP_Environmental.uasset" 76
"../../../Engine/Content/EngineDamageTypes/DmgTypeBP_Environmental.uexp" 77
"../../../Engine/Content/Functions/Engine_MaterialFunctions02/Utility/CameraDirectionVector.uasset" 78
"../../../Engine/Content/Functions/Engine_MaterialFunctions02/Utility/CameraDirectionVector.uexp" 79
"../../../Engine/Content/EngineDebugMaterials/VolumeToRender.uasset" 80
"../../../Engine/Content/EngineDebugMaterials/VolumeToRender.uexp" 81
"../../../Engine/Content/EngineDebugMaterials/M_VolumeRenderSphereTracePP.uasset" 82
"../../../Engine/Content/EngineDebugMaterials/M_VolumeRenderSphereTracePP.uexp" 83
"../../../Engine/Content/EngineDebugMaterials/M_SimpleUnlitTranslucent.uasset" 84
"../../../Engine/Content/EngineDebugMaterials/M_SimpleUnlitTranslucent.uexp" 85
"../../../Engine/Content/EngineDebugMaterials/DebugMeshMaterial.uasset" 86
"../../../Engine/Content/EngineDebugMaterials/DebugMeshMaterial.uexp" 87
"../../../Engine/Content/EngineDebugMaterials/DebugEditorMaterial.uasset" 88
"../../../Engine/Content/EngineDebugMaterials/DebugEditorMaterial.uexp" 89
"../../../Engine/Content/EngineFonts/Faces/RobotoLight.uexp" 90
"../../../Engine/Content/EngineFonts/Faces/RobotoLight.uasset" 91
"../../../Engine/Content/EngineFonts/Faces/RobotoLight.ufont" 92
"../../../Engine/Content/EngineFonts/Faces/RobotoBold.uexp" 93
"../../../Engine/Content/EngineFonts/Faces/RobotoBold.uasset" 94
"../../../Engine/Content/EngineFonts/Faces/RobotoBold.ufont" 95
"../../../Engine/Content/EngineFonts/Faces/RobotoRegular.uexp" 96
"../../../Engine/Content/EngineFonts/Faces/RobotoRegular.uasset" 97
"../../../Engine/Content/EngineFonts/Faces/RobotoRegular.ufont" 98
"../../../Engine/Content/EngineFonts/Faces/DroidSansFallback.uexp" 99
"../../../Engine/Content/EngineFonts/Faces/DroidSansFallback.uasset" 100
"../../../Engine/Content/EngineFonts/Faces/DroidSansFallback.ufont" 101
"../../../Engine/Content/EngineFonts/Faces/RobotoItalic.uexp" 102
"../../../Engine/Content/EngineFonts/Faces/RobotoItalic.uasset" 103
"../../../Engine/Content/EngineFonts/Faces/RobotoItalic.ufont" 104
"../../../Engine/Content/EngineFonts/Faces/RobotoBoldItalic.uexp" 105
"../../../Engine/Content/EngineFonts/Faces/RobotoBoldItalic.uasset" 106
"../../../Engine/Content/EngineFonts/Faces/RobotoBoldItalic.ufont" 107
"../../../Engine/Content/EngineFonts/Roboto.uasset" 108
"../../../Engine/Content/EngineFonts/Roboto.uexp" 109
"../../../Engine/Content/EngineResources/WhiteSquareTexture.uasset" 110
"../../../Engine/Content/EngineResources/WhiteSquareTexture.uexp" 111
"../../../Engine/Content/EngineMaterials/Widget3DPassThrough.uasset" 112
"../../../Engine/Content/EngineMaterials/Widget3DPassThrough.uexp" 113
"../../../Engine/Content/EngineMaterials/Widget3DPassThrough_Translucent.uasset" 114
"../../../Engine/Content/EngineMaterials/Widget3DPassThrough_Translucent.uexp" 115
"../../../Engine/Content/EngineMaterials/Widget3DPassThrough_Translucent_OneSided.uasset" 116
"../../../Engine/Content/EngineMaterials/Widget3DPassThrough_Translucent_OneSided.uexp" 117
"../../../Engine/Content/EngineMaterials/Widget3DPassThrough_Opaque.uasset" 118
"../../../Engine/Content/EngineMaterials/Widget3DPassThrough_Opaque.uexp" 119
"../../../Engine/Content/EngineMaterials/Widget3DPassThrough_Opaque_OneSided.uasset" 120
"../../../Engine/Content/EngineMaterials/Widget3DPassThrough_Opaque_OneSided.uexp" 121
"../../../Engine/Content/EngineMaterials/Widget3DPassThrough_Masked_OneSided.uasset" 122
"../../../Engine/Content/EngineMaterials/Widget3DPassThrough_Masked_OneSided.uexp" 123
"../../../Engine/Content/EngineMaterials/Widget3DPassThrough_Masked.uasset" 124
"../../../Engine/Content/EngineMaterials/Widget3DPassThrough_Masked.uexp" 125
"../../../Engine/Plugins/Runtime/MeshModelingToolset/Content/Materials/M_DynamicMeshComponentVtxColor.uasset" 126
"../../../Engine/Plugins/Runtime/MeshModelingToolset/Content/Materials/M_DynamicMeshComponentVtxColor.uexp" 127
"../../../Engine/Content/EngineMaterials/STBlueNoise_vec2_128x128x64.uasset" 128
"../../../Engine/Content/EngineMaterials/STBlueNoise_vec2_128x128x64.uexp" 129
"../../../Engine/Content/EngineMaterials/STBlueNoise_scalar_128x128x64.uasset" 130
"../../../Engine/Content/EngineMaterials/STBlueNoise_scalar_128x128x64.uexp" 131
"../../../Engine/Content/EngineMaterials/RemoveSurfaceMaterial.uasset" 132
"../../../Engine/Content/EngineMaterials/RemoveSurfaceMaterial.uexp" 133
"../../../Engine/Content/EngineMaterials/DefaultCalibrationGrayscale.uasset" 134
"../../../Engine/Content/EngineMaterials/DefaultCalibrationGrayscale.uexp" 135
"../../../Engine/Content/EngineMaterials/PPM_DefaultCalibrationGrayscale.uasset" 136
"../../../Engine/Content/EngineMaterials/PPM_DefaultCalibrationGrayscale.uexp" 137
"../../../Engine/Content/EngineMaterials/DefaultCalibrationColor.uasset" 138
"../../../Engine/Content/EngineMaterials/DefaultCalibrationColor.uexp" 139
"../../../Engine/Content/EngineMaterials/PPM_DefaultCalibrationColor.uasset" 140
"../../../Engine/Content/EngineMaterials/PPM_DefaultCalibrationColor.uexp" 141
"../../../Engine/Content/Functions/Engine_MaterialFunctions02/WorldPositionOffset/CameraOffset.uasset" 142
"../../../Engine/Content/Functions/Engine_MaterialFunctions02/WorldPositionOffset/CameraOffset.uexp" 143
"../../../Engine/Content/EngineMaterials/PhAT_JointLimitMaterial.uasset" 144
"../../../Engine/Content/EngineMaterials/PhAT_JointLimitMaterial.uexp" 145
"../../../Engine/Content/EngineMaterials/InvalidLightmapSettings.ubulk" 146
"../../../Engine/Content/EngineMaterials/InvalidLightmapSettings.uasset" 147
"../../../Engine/Content/EngineMaterials/InvalidLightmapSettings.uexp" 148
"../../../Engine/Content/EngineMaterials/M_InvalidLightmapSettings.uasset" 149
"../../../Engine/Content/EngineMaterials/M_InvalidLightmapSettings.uexp" 150
"../../../Engine/Plugins/Interchange/Runtime/Content/gltf/Textures/T_Gray_Linear.uasset" 151
"../../../Engine/Plugins/Interchange/Runtime/Content/gltf/Textures/T_Gray_Linear.uexp" 152
"../../../Engine/Plugins/Interchange/Runtime/Content/Materials/MapOrLinearColorFunction.uasset" 153
"../../../Engine/Plugins/Interchange/Runtime/Content/Materials/MapOrLinearColorFunction.uexp" 154
"../../../Engine/Content/EngineMaterials/DefaultNormal.ubulk" 155
"../../../Engine/Content/EngineMaterials/DefaultNormal.uasset" 156
"../../../Engine/Content/EngineMaterials/DefaultNormal.uexp" 157
"../../../Engine/Plugins/Interchange/Runtime/Content/Materials/MapOrScalarFunction.uasset" 158
"../../../Engine/Plugins/Interchange/Runtime/Content/Materials/MapOrScalarFunction.uexp" 159
"../../../Engine/Plugins/Interchange/Runtime/Content/Materials/MapOrColorFunction.uasset" 160
"../../../Engine/Plugins/Interchange/Runtime/Content/Materials/MapOrColorFunction.uexp" 161
"../../../Engine/Content/EngineMaterials/BaseFlattenLinearColor.uasset" 162
"../../../Engine/Content/EngineMaterials/BaseFlattenLinearColor.uexp" 163
"../../../Engine/Plugins/Interchange/Runtime/Content/Materials/CommonMaterial.uasset" 164
"../../../Engine/Plugins/Interchange/Runtime/Content/Materials/CommonMaterial.uexp" 165
"../../../Engine/Plugins/Interchange/Runtime/Content/Materials/PBRSurfaceFunction.uasset" 166
"../../../Engine/Plugins/Interchange/Runtime/Content/Materials/PBRSurfaceFunction.uexp" 167
"../../../Engine/Plugins/Interchange/Runtime/Content/Materials/ClearCoatMaterial.uasset" 168
"../../../Engine/Plugins/Interchange/Runtime/Content/Materials/ClearCoatMaterial.uexp" 169
"../../../Engine/Plugins/Interchange/Runtime/Content/Materials/UnlitMaterial.uasset" 170
"../../../Engine/Plugins/Interchange/Runtime/Content/Materials/UnlitMaterial.uexp" 171
"../../../Engine/Content/EngineMaterials/GizmoMaterial.uasset" 172
"../../../Engine/Content/EngineMaterials/GizmoMaterial.uexp" 173
"../../../Engine/Content/EngineMaterials/BaseFlattenEmissiveMap_VT.uasset" 174
"../../../Engine/Content/EngineMaterials/BaseFlattenEmissiveMap_VT.uexp" 175
"../../../Engine/Content/EngineMaterials/BaseFlattenGrayscaleMap_VT.uasset" 176
"../../../Engine/Content/EngineMaterials/BaseFlattenGrayscaleMap_VT.uexp" 177
"../../../Engine/Content/EngineMaterials/BaseFlattenLinearColor_VT.uasset" 178
"../../../Engine/Content/EngineMaterials/BaseFlattenLinearColor_VT.uexp" 179
"../../../Engine/Content/EngineMaterials/Black_1x1_EXR_Texture_VT.uasset" 180
"../../../Engine/Content/EngineMaterials/Black_1x1_EXR_Texture_VT.uexp" 181
"../../../Engine/Content/EngineMaterials/BaseFlattenDiffuseMap_VT.uasset" 182
"../../../Engine/Content/EngineMaterials/BaseFlattenDiffuseMap_VT.uexp" 183
"../../../Engine/Content/EngineMaterials/BaseFlattenNormalMap_VT.uasset" 184
"../../../Engine/Content/EngineMaterials/BaseFlattenNormalMap_VT.uexp" 185
"../../../Engine/Content/EngineMaterials/FlattenMaterial_WS_Normal_VT.uasset" 186
"../../../Engine/Content/EngineMaterials/FlattenMaterial_WS_Normal_VT.uexp" 187
"../../../Engine/Content/EngineMaterials/FlattenMaterial_VT.uasset" 188
"../../../Engine/Content/EngineMaterials/FlattenMaterial_VT.uexp" 189
"../../../Engine/Content/EngineMaterials/BaseFlattenNormalMap.uasset" 190
"../../../Engine/Content/EngineMaterials/BaseFlattenNormalMap.uexp" 191
"../../../Engine/Content/EngineMaterials/BaseFlattenGrayscaleMap.uasset" 192
"../../../Engine/Content/EngineMaterials/BaseFlattenGrayscaleMap.uexp" 193
"../../../Engine/Content/EngineMaterials/BaseFlattenDiffuseMap.uasset" 194
"../../../Engine/Content/EngineMaterials/BaseFlattenDiffuseMap.uexp" 195
"../../../Engine/Content/Functions/Engine_MaterialFunctions02/PivotPainter2/Black_1x1_EXR_Texture.uasset" 196
"../../../Engine/Content/Functions/Engine_MaterialFunctions02/PivotPainter2/Black_1x1_EXR_Texture.uexp" 197
"../../../Engine/Content/EngineMaterials/BaseFlattenEmissiveMap.uasset" 198
"../../../Engine/Content/EngineMaterials/BaseFlattenEmissiveMap.uexp" 199
"../../../Engine/Content/EngineMaterials/FlattenMaterial.uasset" 200
"../../../Engine/Content/EngineMaterials/FlattenMaterial.uexp" 201
"../../../Engine/Content/EngineMaterials/DefaultWhiteGrid_Low.uasset" 202
"../../../Engine/Content/EngineMaterials/DefaultWhiteGrid_Low.uexp" 203
"../../../Engine/Content/EngineMaterials/EmissiveMeshMaterial.uasset" 204
"../../../Engine/Content/EngineMaterials/EmissiveMeshMaterial.uexp" 205
"../../../Engine/Plugins/Interchange/Runtime/Content/Pipelines/DefaultTexturePipeline.uasset" 206
"../../../Engine/Plugins/Interchange/Runtime/Content/Pipelines/DefaultTexturePipeline.uexp" 207
"../../../Engine/Content/EngineFonts/RobotoDistanceField.uasset" 208
"../../../Engine/Content/EngineFonts/RobotoDistanceField.uexp" 209
"../../../Engine/Content/EngineMaterials/DefaultTextMaterialOpaque.uasset" 210
"../../../Engine/Content/EngineMaterials/DefaultTextMaterialOpaque.uexp" 211
"../../../Engine/Content/EngineMaterials/DefaultDiffuse.ubulk" 212
"../../../Engine/Content/EngineMaterials/DefaultDiffuse.uasset" 213
"../../../Engine/Content/EngineMaterials/DefaultDiffuse.uexp" 214
"../../../Engine/Content/Functions/Engine_MaterialFunctions02/Utility/BreakOutFloat2Components.uasset" 215
"../../../Engine/Content/Functions/Engine_MaterialFunctions02/Utility/BreakOutFloat2Components.uexp" 216
"../../../Engine/Content/EngineMaterials/DefaultPostProcessMaterial.uasset" 217
"../../../Engine/Content/EngineMaterials/DefaultPostProcessMaterial.uexp" 218
"../../../Engine/Content/EngineMaterials/DefaultPhysicalMaterial.uasset" 219
"../../../Engine/Content/EngineMaterials/DefaultPhysicalMaterial.uexp" 220
"../../../Engine/Content/EngineMaterials/DefaultLightFunctionMaterial.uasset" 221
"../../../Engine/Content/EngineMaterials/DefaultLightFunctionMaterial.uexp" 222
"../../../Engine/Content/EngineMaterials/DefaultDestructiblePhysicalMaterial.uasset" 223
"../../../Engine/Content/EngineMaterials/DefaultDestructiblePhysicalMaterial.uexp" 224
"../../../Engine/Content/EngineMaterials/DefaultDeferredDecalMaterial.uasset" 225
"../../../Engine/Content/EngineMaterials/DefaultDeferredDecalMaterial.uexp" 226
"../../../Engine/Plugins/Interchange/Runtime/Content/gltf/Textures/T_Black_srgb.uasset" 227
"../../../Engine/Plugins/Interchange/Runtime/Content/gltf/Textures/T_Black_srgb.uexp" 228
"../../../Engine/Content/EngineMaterials/DefaultBloomKernel.uasset" 229
"../../../Engine/Content/EngineMaterials/DefaultBloomKernel.uexp" 230
"../../../Engine/Plugins/Interchange/Runtime/Content/Materials/ThinTranslucentMaterial.uasset" 231
"../../../Engine/Plugins/Interchange/Runtime/Content/Materials/ThinTranslucentMaterial.uexp" 232
"../../../Engine/Plugins/Interchange/Runtime/Content/Materials/SubsurfaceMaterial.uasset" 233
"../../../Engine/Plugins/Interchange/Runtime/Content/Materials/SubsurfaceMaterial.uexp" 234
"../../../Engine/Plugins/Interchange/Runtime/Content/Materials/SheenMaterial.uasset" 235
"../../../Engine/Plugins/Interchange/Runtime/Content/Materials/SheenMaterial.uexp" 236
"../../../Engine/Content/Functions/Engine_MaterialFunctions01/Shading/ConvertFromDiffSpec.uasset" 237
"../../../Engine/Content/Functions/Engine_MaterialFunctions01/Shading/ConvertFromDiffSpec.uexp" 238
"../../../Engine/Plugins/Interchange/Runtime/Content/Materials/PhongSurfaceMaterial.uasset" 239
"../../../Engine/Plugins/Interchange/Runtime/Content/Materials/PhongSurfaceMaterial.uexp" 240
"../../../Engine/Plugins/Interchange/Runtime/Content/Materials/PBRSurfaceMaterial.uasset" 241
"../../../Engine/Plugins/Interchange/Runtime/Content/Materials/PBRSurfaceMaterial.uexp" 242
"../../../Engine/Plugins/Interchange/Runtime/Content/Materials/LambertSurfaceMaterial.uasset" 243
"../../../Engine/Plugins/Interchange/Runtime/Content/Materials/LambertSurfaceMaterial.uexp" 244
"../../../Engine/Content/EngineResources/FilmGrains/Marcie_Grain_v3_128_M2_000.uasset" 245
"../../../Engine/Content/EngineResources/FilmGrains/Marcie_Grain_v3_128_M2_000.uexp" 246
"../../../Engine/Content/EngineSky/VolumetricClouds/CloudWeatherTexture.uasset" 247
"../../../Engine/Content/EngineSky/VolumetricClouds/CloudWeatherTexture.uexp" 248
"../../../Engine/Content/Functions/Engine_MaterialFunctions02/Utility/MakeFloat2.uasset" 249
"../../../Engine/Content/Functions/Engine_MaterialFunctions02/Utility/MakeFloat2.uexp" 250
"../../../Engine/Content/EngineSky/VolumetricClouds/CloudGradientTexture.uasset" 251
"../../../Engine/Content/EngineSky/VolumetricClouds/CloudGradientTexture.uexp" 252
"../../../Engine/Content/EngineSky/VolumetricClouds/T_NoiseShape64.ubulk" 253
"../../../Engine/Content/EngineSky/VolumetricClouds/T_NoiseShape64.uasset" 254
"../../../Engine/Content/EngineSky/VolumetricClouds/T_NoiseShape64.uexp" 255
"../../../Engine/Content/EngineSky/VolumetricClouds/T_VolumeNoiseShape64.uasset" 256
"../../../Engine/Content/EngineSky/VolumetricClouds/T_VolumeNoiseShape64.uexp" 257
"../../../Engine/Content/EngineSky/VolumetricClouds/T_NoiseErosion.ubulk" 258
"../../../Engine/Content/EngineSky/VolumetricClouds/T_NoiseErosion.uasset" 259
"../../../Engine/Content/EngineSky/VolumetricClouds/T_NoiseErosion.uexp" 260
"../../../Engine/Content/EngineSky/VolumetricClouds/T_VolumeNoiseErosion32.uasset" 261
"../../../Engine/Content/EngineSky/VolumetricClouds/T_VolumeNoiseErosion32.uexp" 262
"../../../Engine/Content/EngineSky/VolumetricClouds/m_SimpleVolumetricCloud.uasset" 263
"../../../Engine/Content/EngineSky/VolumetricClouds/m_SimpleVolumetricCloud.uexp" 264
"../../../Engine/Content/EngineSky/VolumetricClouds/m_SimpleVolumetricCloud_Inst.uasset" 265
"../../../Engine/Content/EngineSky/VolumetricClouds/m_SimpleVolumetricCloud_Inst.uexp" 266
"../../../Engine/Content/EngineSounds/Master.uasset" 267
"../../../Engine/Content/EngineSounds/Master.uexp" 268
"../../../Engine/Content/Functions/Engine_MaterialFunctions01/Shading/PowerToRoughness.uasset" 269
"../../../Engine/Content/Functions/Engine_MaterialFunctions01/Shading/PowerToRoughness.uexp" 270
"../../../Engine/Content/EngineMaterials/FlatNormal.uasset" 271
"../../../Engine/Content/EngineMaterials/FlatNormal.uexp" 272
"../../../Engine/Plugins/Interchange/Runtime/Content/Functions/MF_OrenNayerView.uasset" 273
"../../../Engine/Plugins/Interchange/Runtime/Content/Functions/MF_OrenNayerView.uexp" 274
"../../../Engine/Plugins/Interchange/Runtime/Content/Functions/MF_SchlickApprox.uasset" 275
"../../../Engine/Plugins/Interchange/Runtime/Content/Functions/MF_SchlickApprox.uexp" 276
"../../../Engine/Plugins/Interchange/Runtime/Content/Utilities/New_LUT.uasset" 277
"../../../Engine/Plugins/Interchange/Runtime/Content/Utilities/New_LUT.uexp" 278
"../../../Engine/Content/Functions/Engine_MaterialFunctions03/Math/RemapValueRange.uasset" 279
"../../../Engine/Content/Functions/Engine_MaterialFunctions03/Math/RemapValueRange.uexp" 280
"../../../Engine/Plugins/Interchange/Runtime/Content/Functions/MF_Iridescence.uasset" 281
"../../../Engine/Plugins/Interchange/Runtime/Content/Functions/MF_Iridescence.uexp" 282
"../../../Engine/Plugins/Interchange/Runtime/Content/Materials/OrenNayerMaterial.uasset" 283
"../../../Engine/Plugins/Interchange/Runtime/Content/Materials/OrenNayerMaterial.uexp" 284
"../../../Engine/Content/MobileResources/HUD/VirtualJoystick_Background.uasset" 285
"../../../Engine/Content/MobileResources/HUD/VirtualJoystick_Background.uexp" 286
"../../../Engine/Content/MobileResources/HUD/VirtualJoystick_Thumb.uasset" 287
"../../../Engine/Content/MobileResources/HUD/VirtualJoystick_Thumb.uexp" 288
"../../../Engine/Content/MobileResources/HUD/DefaultVirtualJoysticks.uasset" 289
"../../../Engine/Content/MobileResources/HUD/DefaultVirtualJoysticks.uexp" 290
"../../../Engine/Plugins/2D/Paper2D/Content/PlaceholderTextures/DummySpriteTexture.ubulk" 291
"../../../Engine/Plugins/2D/Paper2D/Content/PlaceholderTextures/DummySpriteTexture.uasset" 292
"../../../Engine/Plugins/2D/Paper2D/Content/PlaceholderTextures/DummySpriteTexture.uexp" 293
"../../../Engine/Plugins/2D/Paper2D/Content/DefaultSpriteMaterial.uasset" 294
"../../../Engine/Plugins/2D/Paper2D/Content/DefaultSpriteMaterial.uexp" 295
"../../../Engine/Plugins/2D/Paper2D/Content/OpaqueUnlitSpriteMaterial.uasset" 296
"../../../Engine/Plugins/2D/Paper2D/Content/OpaqueUnlitSpriteMaterial.uexp" 297
"../../../Engine/Plugins/2D/Paper2D/Content/MaskedUnlitSpriteMaterial.uasset" 298
"../../../Engine/Plugins/2D/Paper2D/Content/MaskedUnlitSpriteMaterial.uexp" 299
"../../../Engine/Plugins/2D/Paper2D/Content/DummySprite.uasset" 300
"../../../Engine/Plugins/2D/Paper2D/Content/DummySprite.uexp" 301
"../../../Engine/Plugins/2D/Paper2D/Content/DefaultPaperTerrainMaterial.uasset" 302
"../../../Engine/Plugins/2D/Paper2D/Content/DefaultPaperTerrainMaterial.uexp" 303
"../../../Engine/Plugins/Interchange/Runtime/Content/Pipelines/DefaultAssetsPipeline.uasset" 304
"../../../Engine/Plugins/Interchange/Runtime/Content/Pipelines/DefaultAssetsPipeline.uexp" 305
"../../../Engine/Plugins/Animation/ControlRig/Content/M_Manip.uasset" 306
"../../../Engine/Plugins/Animation/ControlRig/Content/M_Manip.uexp" 307
"../../../Engine/Plugins/Animation/ControlRig/Content/Controls/DefaultGizmoLibraryNormalized.uasset" 308
"../../../Engine/Plugins/Animation/ControlRig/Content/Controls/DefaultGizmoLibraryNormalized.uexp" 309
"../../../Engine/Plugins/Animation/ControlRig/Content/Controls/ControlRig_Wedge_solid.ubulk" 310
"../../../Engine/Plugins/Animation/ControlRig/Content/Controls/ControlRig_Wedge_solid.uasset" 311
"../../../Engine/Plugins/Animation/ControlRig/Content/Controls/ControlRig_Wedge_solid.uexp" 312
"../../../Engine/Plugins/Animation/ControlRig/Content/Controls/ControlRig_Wedge_3mm.ubulk" 313
"../../../Engine/Plugins/Animation/ControlRig/Content/Controls/ControlRig_Wedge_3mm.uasset" 314
"../../../Engine/Plugins/Animation/ControlRig/Content/Controls/ControlRig_Wedge_3mm.uexp" 315
"../../../Engine/Plugins/Animation/ControlRig/Content/Controls/ControlRig_Wedge_1mm.ubulk" 316
"../../../Engine/Plugins/Animation/ControlRig/Content/Controls/ControlRig_Wedge_1mm.uasset" 317
"../../../Engine/Plugins/Animation/ControlRig/Content/Controls/ControlRig_Wedge_1mm.uexp" 318
"../../../Engine/Plugins/Animation/ControlRig/Content/Controls/ControlRig_Triangle_solid.ubulk" 319
"../../../Engine/Plugins/Animation/ControlRig/Content/Controls/ControlRig_Triangle_solid.uasset" 320
"../../../Engine/Plugins/Animation/ControlRig/Content/Controls/ControlRig_Triangle_solid.uexp" 321
"../../../Engine/Plugins/Animation/ControlRig/Content/Controls/ControlRig_Triangle_3mm.ubulk" 322
"../../../Engine/Plugins/Animation/ControlRig/Content/Controls/ControlRig_Triangle_3mm.uasset" 323
"../../../Engine/Plugins/Animation/ControlRig/Content/Controls/ControlRig_Triangle_3mm.uexp" 324
"../../../Engine/Plugins/Animation/ControlRig/Content/Controls/ControlRig_Triangle_1mm.ubulk" 325
"../../../Engine/Plugins/Animation/ControlRig/Content/Controls/ControlRig_Triangle_1mm.uasset" 326
"../../../Engine/Plugins/Animation/ControlRig/Content/Controls/ControlRig_Triangle_1mm.uexp" 327
"../../../Engine/Plugins/Animation/ControlRig/Content/Controls/ControlRig_Star4_solid.ubulk" 328
"../../../Engine/Plugins/Animation/ControlRig/Content/Controls/ControlRig_Star4_solid.uasset" 329
"../../../Engine/Plugins/Animation/ControlRig/Content/Controls/ControlRig_Star4_solid.uexp" 330
"../../../Engine/Plugins/Animation/ControlRig/Content/Controls/ControlRig_Star4_3mm.ubulk" 331
"../../../Engine/Plugins/Animation/ControlRig/Content/Controls/ControlRig_Star4_3mm.uasset" 332
"../../../Engine/Plugins/Animation/ControlRig/Content/Controls/ControlRig_Star4_3mm.uexp" 333
"../../../Engine/Plugins/Animation/ControlRig/Content/Controls/ControlRig_Star4_1mm.ubulk" 334
"../../../Engine/Plugins/Animation/ControlRig/Content/Controls/ControlRig_Star4_1mm.uasset" 335
"../../../Engine/Plugins/Animation/ControlRig/Content/Controls/ControlRig_Star4_1mm.uexp" 336
"../../../Engine/Plugins/Animation/ControlRig/Content/Controls/ControlRig_Square_solid.ubulk" 337
"../../../Engine/Plugins/Animation/ControlRig/Content/Controls/ControlRig_Square_solid.uasset" 338
"../../../Engine/Plugins/Animation/ControlRig/Content/Controls/ControlRig_Square_solid.uexp" 339
"../../../Engine/Plugins/Animation/ControlRig/Content/Controls/ControlRig_Square_3mm.ubulk" 340
"../../../Engine/Plugins/Animation/ControlRig/Content/Controls/ControlRig_Square_3mm.uasset" 341
"../../../Engine/Plugins/Animation/ControlRig/Content/Controls/ControlRig_Square_3mm.uexp" 342
"../../../Engine/Plugins/Animation/ControlRig/Content/Controls/ControlRig_Square_1mm.ubulk" 343
"../../../Engine/Plugins/Animation/ControlRig/Content/Controls/ControlRig_Square_1mm.uasset" 344
"../../../Engine/Plugins/Animation/ControlRig/Content/Controls/ControlRig_Square_1mm.uexp" 345
"../../../Engine/Plugins/Animation/ControlRig/Content/Controls/ControlRig_Sphere_solid.ubulk" 346
"../../../Engine/Plugins/Animation/ControlRig/Content/Controls/ControlRig_Sphere_solid.uasset" 347
"../../../Engine/Plugins/Animation/ControlRig/Content/Controls/ControlRig_Sphere_solid.uexp" 348
"../../../Engine/Plugins/Animation/ControlRig/Content/Controls/ControlRig_Sphere_3mm.ubulk" 349
"../../../Engine/Plugins/Animation/ControlRig/Content/Controls/ControlRig_Sphere_3mm.uasset" 350
"../../../Engine/Plugins/Animation/ControlRig/Content/Controls/ControlRig_Sphere_3mm.uexp" 351
"../../../Engine/Plugins/Animation/ControlRig/Content/Controls/ControlRig_Sphere_1mm.ubulk" 352
"../../../Engine/Plugins/Animation/ControlRig/Content/Controls/ControlRig_Sphere_1mm.uasset" 353
"../../../Engine/Plugins/Animation/ControlRig/Content/Controls/ControlRig_Sphere_1mm.uexp" 354
"../../../Engine/Plugins/Animation/ControlRig/Content/Controls/ControlRig_RoundedTriangle_solid.ubulk" 355
"../../../Engine/Plugins/Animation/ControlRig/Content/Controls/ControlRig_RoundedTriangle_solid.uasset" 356
"../../../Engine/Plugins/Animation/ControlRig/Content/Controls/ControlRig_RoundedTriangle_solid.uexp" 357
"../../../Engine/Plugins/Animation/ControlRig/Content/Controls/ControlRig_RoundedTriangle_3mm.ubulk" 358
"../../../Engine/Plugins/Animation/ControlRig/Content/Controls/ControlRig_RoundedTriangle_3mm.uasset" 359
"../../../Engine/Plugins/Animation/ControlRig/Content/Controls/ControlRig_RoundedTriangle_3mm.uexp" 360
"../../../Engine/Plugins/Animation/ControlRig/Content/Controls/ControlRig_RoundedTriangle_1mm.ubulk" 361
"../../../Engine/Plugins/Animation/ControlRig/Content/Controls/ControlRig_RoundedTriangle_1mm.uasset" 362
"../../../Engine/Plugins/Animation/ControlRig/Content/Controls/ControlRig_RoundedTriangle_1mm.uexp" 363
"../../../Engine/Plugins/Animation/ControlRig/Content/Controls/ControlRig_RoundedSquare_solid.ubulk" 364
"../../../Engine/Plugins/Animation/ControlRig/Content/Controls/ControlRig_RoundedSquare_solid.uasset" 365
"../../../Engine/Plugins/Animation/ControlRig/Content/Controls/ControlRig_RoundedSquare_solid.uexp" 366
"../../../Engine/Plugins/Animation/ControlRig/Content/Controls/ControlRig_RoundedSquare_3mm.ubulk" 367
"../../../Engine/Plugins/Animation/ControlRig/Content/Controls/ControlRig_RoundedSquare_3mm.uasset" 368
"../../../Engine/Plugins/Animation/ControlRig/Content/Controls/ControlRig_RoundedSquare_3mm.uexp" 369
"../../../Engine/Plugins/Animation/ControlRig/Content/Controls/ControlRig_RoundedSquare_1mm.ubulk" 370
"../../../Engine/Plugins/Animation/ControlRig/Content/Controls/ControlRig_RoundedSquare_1mm.uasset" 371
"../../../Engine/Plugins/Animation/ControlRig/Content/Controls/ControlRig_RoundedSquare_1mm.uexp" 372
"../../../Engine/Plugins/Animation/ControlRig/Content/Controls/ControlRig_QuarterCircle_solid.ubulk" 373
"../../../Engine/Plugins/Animation/ControlRig/Content/Controls/ControlRig_QuarterCircle_solid.uasset" 374
"../../../Engine/Plugins/Animation/ControlRig/Content/Controls/ControlRig_QuarterCircle_solid.uexp" 375
"../../../Engine/Plugins/Animation/ControlRig/Content/Controls/ControlRig_QuarterCircle_3mm.ubulk" 376
"../../../Engine/Plugins/Animation/ControlRig/Content/Controls/ControlRig_QuarterCircle_3mm.uasset" 377
"../../../Engine/Plugins/Animation/ControlRig/Content/Controls/ControlRig_QuarterCircle_3mm.uexp" 378
"../../../Engine/Plugins/Animation/ControlRig/Content/Controls/ControlRig_QuarterCircle_1mm.ubulk" 379
"../../../Engine/Plugins/Animation/ControlRig/Content/Controls/ControlRig_QuarterCircle_1mm.uasset" 380
"../../../Engine/Plugins/Animation/ControlRig/Content/Controls/ControlRig_QuarterCircle_1mm.uexp" 381
"../../../Engine/Plugins/Animation/ControlRig/Content/Controls/ControlRig_Pyramid_solid.ubulk" 382
"../../../Engine/Plugins/Animation/ControlRig/Content/Controls/ControlRig_Pyramid_solid.uasset" 383
"../../../Engine/Plugins/Animation/ControlRig/Content/Controls/ControlRig_Pyramid_solid.uexp" 384
"../../../Engine/Plugins/Animation/ControlRig/Content/Controls/ControlRig_Pyramid_3mm.ubulk" 385
"../../../Engine/Plugins/Animation/ControlRig/Content/Controls/ControlRig_Pyramid_3mm.uasset" 386
"../../../Engine/Plugins/Animation/ControlRig/Content/Controls/ControlRig_Pyramid_3mm.uexp" 387
"../../../Engine/Plugins/Animation/ControlRig/Content/Controls/ControlRig_Pyramid_1mm.ubulk" 388
"../../../Engine/Plugins/Animation/ControlRig/Content/Controls/ControlRig_Pyramid_1mm.uasset" 389
"../../../Engine/Plugins/Animation/ControlRig/Content/Controls/ControlRig_Pyramid_1mm.uexp" 390
"../../../Engine/Plugins/Animation/ControlRig/Content/Controls/ControlRig_Octagon_solid.ubulk" 391
"../../../Engine/Plugins/Animation/ControlRig/Content/Controls/ControlRig_Octagon_solid.uasset" 392
"../../../Engine/Plugins/Animation/ControlRig/Content/Controls/ControlRig_Octagon_solid.uexp" 393
"../../../Engine/Plugins/Animation/ControlRig/Content/Controls/ControlRig_Octagon_3mm.ubulk" 394
"../../../Engine/Plugins/Animation/ControlRig/Content/Controls/ControlRig_Octagon_3mm.uasset" 395
"../../../Engine/Plugins/Animation/ControlRig/Content/Controls/ControlRig_Octagon_3mm.uexp" 396
"../../../Engine/Plugins/Animation/ControlRig/Content/Controls/ControlRig_Octagon_1mm.ubulk" 397
"../../../Engine/Plugins/Animation/ControlRig/Content/Controls/ControlRig_Octagon_1mm.uasset" 398
"../../../Engine/Plugins/Animation/ControlRig/Content/Controls/ControlRig_Octagon_1mm.uexp" 399
"../../../Engine/Plugins/Animation/ControlRig/Content/Controls/ControlRig_Hexagon_solid.ubulk" 400
"../../../Engine/Plugins/Animation/ControlRig/Content/Controls/ControlRig_Hexagon_solid.uasset" 401
"../../../Engine/Plugins/Animation/ControlRig/Content/Controls/ControlRig_Hexagon_solid.uexp" 402
"../../../Engine/Plugins/Animation/ControlRig/Content/Controls/ControlRig_Hexagon_3mm.ubulk" 403
"../../../Engine/Plugins/Animation/ControlRig/Content/Controls/ControlRig_Hexagon_3mm.uasset" 404
"../../../Engine/Plugins/Animation/ControlRig/Content/Controls/ControlRig_Hexagon_3mm.uexp" 405
"../../../Engine/Plugins/Animation/ControlRig/Content/Controls/ControlRig_Hexagon_1mm.ubulk" 406
"../../../Engine/Plugins/Animation/ControlRig/Content/Controls/ControlRig_Hexagon_1mm.uasset" 407
"../../../Engine/Plugins/Animation/ControlRig/Content/Controls/ControlRig_Hexagon_1mm.uexp" 408
"../../../Engine/Plugins/Animation/ControlRig/Content/Controls/ControlRig_HalfCircle_solid.ubulk" 409
"../../../Engine/Plugins/Animation/ControlRig/Content/Controls/ControlRig_HalfCircle_solid.uasset" 410
"../../../Engine/Plugins/Animation/ControlRig/Content/Controls/ControlRig_HalfCircle_solid.uexp" 411
"../../../Engine/Plugins/Animation/ControlRig/Content/Controls/ControlRig_HalfCircle_3mm.ubulk" 412
"../../../Engine/Plugins/Animation/ControlRig/Content/Controls/ControlRig_HalfCircle_3mm.uasset" 413
"../../../Engine/Plugins/Animation/ControlRig/Content/Controls/ControlRig_HalfCircle_3mm.uexp" 414
"../../../Engine/Plugins/Animation/ControlRig/Content/Controls/ControlRig_HalfCircle_1mm.ubulk" 415
"../../../Engine/Plugins/Animation/ControlRig/Content/Controls/ControlRig_HalfCircle_1mm.uasset" 416
"../../../Engine/Plugins/Animation/ControlRig/Content/Controls/ControlRig_HalfCircle_1mm.uexp" 417
"../../../Engine/Plugins/Animation/ControlRig/Content/Controls/ControlRig_Diamond_solid.ubulk" 418
"../../../Engine/Plugins/Animation/ControlRig/Content/Controls/ControlRig_Diamond_solid.uasset" 419
"../../../Engine/Plugins/Animation/ControlRig/Content/Controls/ControlRig_Diamond_solid.uexp" 420
"../../../Engine/Plugins/Animation/ControlRig/Content/Controls/ControlRig_Diamond_3mm.ubulk" 421
"../../../Engine/Plugins/Animation/ControlRig/Content/Controls/ControlRig_Diamond_3mm.uasset" 422
"../../../Engine/Plugins/Animation/ControlRig/Content/Controls/ControlRig_Diamond_3mm.uexp" 423
"../../../Engine/Plugins/Animation/ControlRig/Content/Controls/ControlRig_Diamond_1mm.ubulk" 424
"../../../Engine/Plugins/Animation/ControlRig/Content/Controls/ControlRig_Diamond_1mm.uasset" 425
"../../../Engine/Plugins/Animation/ControlRig/Content/Controls/ControlRig_Diamond_1mm.uexp" 426
"../../../Engine/Plugins/Animation/ControlRig/Content/Controls/ControlRig_Circle_solid.ubulk" 427
"../../../Engine/Plugins/Animation/ControlRig/Content/Controls/ControlRig_Circle_solid.uasset" 428
"../../../Engine/Plugins/Animation/ControlRig/Content/Controls/ControlRig_Circle_solid.uexp" 429
"../../../Engine/Plugins/Animation/ControlRig/Content/Controls/ControlRig_Circle_3mm.ubulk" 430
"../../../Engine/Plugins/Animation/ControlRig/Content/Controls/ControlRig_Circle_3mm.uasset" 431
"../../../Engine/Plugins/Animation/ControlRig/Content/Controls/ControlRig_Circle_3mm.uexp" 432
"../../../Engine/Plugins/Animation/ControlRig/Content/Controls/ControlRig_Circle_1mm.ubulk" 433
"../../../Engine/Plugins/Animation/ControlRig/Content/Controls/ControlRig_Circle_1mm.uasset" 434
"../../../Engine/Plugins/Animation/ControlRig/Content/Controls/ControlRig_Circle_1mm.uexp" 435
"../../../Engine/Plugins/Animation/ControlRig/Content/Controls/ControlRig_Box_solid.ubulk" 436
"../../../Engine/Plugins/Animation/ControlRig/Content/Controls/ControlRig_Box_solid.uasset" 437
"../../../Engine/Plugins/Animation/ControlRig/Content/Controls/ControlRig_Box_solid.uexp" 438
"../../../Engine/Plugins/Animation/ControlRig/Content/Controls/ControlRig_Box_3mm.ubulk" 439
"../../../Engine/Plugins/Animation/ControlRig/Content/Controls/ControlRig_Box_3mm.uasset" 440
"../../../Engine/Plugins/Animation/ControlRig/Content/Controls/ControlRig_Box_3mm.uexp" 441
"../../../Engine/Plugins/Animation/ControlRig/Content/Controls/ControlRig_Box_1mm.ubulk" 442
"../../../Engine/Plugins/Animation/ControlRig/Content/Controls/ControlRig_Box_1mm.uasset" 443
"../../../Engine/Plugins/Animation/ControlRig/Content/Controls/ControlRig_Box_1mm.uexp" 444
"../../../Engine/Plugins/Animation/ControlRig/Content/Controls/ControlRig_Arrow_solid.ubulk" 445
"../../../Engine/Plugins/Animation/ControlRig/Content/Controls/ControlRig_Arrow_solid.uasset" 446
"../../../Engine/Plugins/Animation/ControlRig/Content/Controls/ControlRig_Arrow_solid.uexp" 447
"../../../Engine/Plugins/Animation/ControlRig/Content/Controls/ControlRig_Arrow_3mm.ubulk" 448
"../../../Engine/Plugins/Animation/ControlRig/Content/Controls/ControlRig_Arrow_3mm.uasset" 449
"../../../Engine/Plugins/Animation/ControlRig/Content/Controls/ControlRig_Arrow_3mm.uexp" 450
"../../../Engine/Plugins/Animation/ControlRig/Content/Controls/ControlRig_Arrow_1mm.ubulk" 451
"../../../Engine/Plugins/Animation/ControlRig/Content/Controls/ControlRig_Arrow_1mm.uasset" 452
"../../../Engine/Plugins/Animation/ControlRig/Content/Controls/ControlRig_Arrow_1mm.uexp" 453
"../../../Engine/Plugins/Animation/ControlRig/Content/Controls/ControlRig_Arrow4_solid.ubulk" 454
"../../../Engine/Plugins/Animation/ControlRig/Content/Controls/ControlRig_Arrow4_solid.uasset" 455
"../../../Engine/Plugins/Animation/ControlRig/Content/Controls/ControlRig_Arrow4_solid.uexp" 456
"../../../Engine/Plugins/Animation/ControlRig/Content/Controls/ControlRig_Arrow4_3mm.ubulk" 457
"../../../Engine/Plugins/Animation/ControlRig/Content/Controls/ControlRig_Arrow4_3mm.uasset" 458
"../../../Engine/Plugins/Animation/ControlRig/Content/Controls/ControlRig_Arrow4_3mm.uexp" 459
"../../../Engine/Plugins/Animation/ControlRig/Content/Controls/ControlRig_Arrow4_1mm.ubulk" 460
"../../../Engine/Plugins/Animation/ControlRig/Content/Controls/ControlRig_Arrow4_1mm.uasset" 461
"../../../Engine/Plugins/Animation/ControlRig/Content/Controls/ControlRig_Arrow4_1mm.uexp" 462
"../../../Engine/Plugins/Animation/ControlRig/Content/Controls/ControlRig_Arrow2_solid.ubulk" 463
"../../../Engine/Plugins/Animation/ControlRig/Content/Controls/ControlRig_Arrow2_solid.uasset" 464
"../../../Engine/Plugins/Animation/ControlRig/Content/Controls/ControlRig_Arrow2_solid.uexp" 465
"../../../Engine/Plugins/Animation/ControlRig/Content/Controls/ControlRig_Arrow2_3mm.ubulk" 466
"../../../Engine/Plugins/Animation/ControlRig/Content/Controls/ControlRig_Arrow2_3mm.uasset" 467
"../../../Engine/Plugins/Animation/ControlRig/Content/Controls/ControlRig_Arrow2_3mm.uexp" 468
"../../../Engine/Plugins/Animation/ControlRig/Content/Controls/ControlRig_Arrow2_1mm.ubulk" 469
"../../../Engine/Plugins/Animation/ControlRig/Content/Controls/ControlRig_Arrow2_1mm.uasset" 470
"../../../Engine/Plugins/Animation/ControlRig/Content/Controls/ControlRig_Arrow2_1mm.uexp" 471
"../../../Engine/Plugins/Animation/ControlRig/Content/Controls/ControlRigXRayMaterial.uasset" 472
"../../../Engine/Plugins/Animation/ControlRig/Content/Controls/ControlRigXRayMaterial.uexp" 473
"../../../Engine/Plugins/Animation/ControlRig/Content/Controls/ControlRigGizmoMaterial.uasset" 474
"../../../Engine/Plugins/Animation/ControlRig/Content/Controls/ControlRigGizmoMaterial.uexp" 475
"../../../Engine/Plugins/Editor/SpeedTreeImporter/Content/SpeedTree9/game_wind_noise.ubulk" 476
"../../../Engine/Plugins/Editor/SpeedTreeImporter/Content/SpeedTree9/game_wind_noise.uasset" 477
"../../../Engine/Plugins/Editor/SpeedTreeImporter/Content/SpeedTree9/game_wind_noise.uexp" 478
"../../../Engine/Plugins/Editor/SpeedTreeImporter/Content/SpeedTree9/UnpackDirection.uasset" 479
"../../../Engine/Plugins/Editor/SpeedTreeImporter/Content/SpeedTree9/UnpackDirection.uexp" 480
"../../../Engine/Content/Functions/Engine_MaterialFunctions02/ObjectLocalBounds.uasset" 481
"../../../Engine/Content/Functions/Engine_MaterialFunctions02/ObjectLocalBounds.uexp" 482
"../../../Engine/Content/Functions/Engine_MaterialFunctions02/UVs/BoundingBoxBased_0-1_UVW.uasset" 483
"../../../Engine/Content/Functions/Engine_MaterialFunctions02/UVs/BoundingBoxBased_0-1_UVW.uexp" 484
"../../../Engine/Content/Functions/Engine_MaterialFunctions02/Utility/VectorLength.uasset" 485
"../../../Engine/Content/Functions/Engine_MaterialFunctions02/Utility/VectorLength.uexp" 486
"../../../Engine/Plugins/Editor/SpeedTreeImporter/Content/SpeedTree9/UnpackInteger3.uasset" 487
"../../../Engine/Plugins/Editor/SpeedTreeImporter/Content/SpeedTree9/UnpackInteger3.uexp" 488
"../../../Engine/Plugins/Editor/SpeedTreeImporter/Content/SpeedTree9/SpeedTreeCameraFacing.uasset" 489
"../../../Engine/Plugins/Editor/SpeedTreeImporter/Content/SpeedTree9/SpeedTreeCameraFacing.uexp" 490
"../../../Engine/Content/Functions/Engine_MaterialFunctions02/WorldPositionOffset/ObjectScale.uasset" 491
"../../../Engine/Content/Functions/Engine_MaterialFunctions02/WorldPositionOffset/ObjectScale.uexp" 492
"../../../Engine/Content/Functions/Engine_MaterialFunctions02/SafeNormalize.uasset" 493
"../../../Engine/Content/Functions/Engine_MaterialFunctions02/SafeNormalize.uexp" 494
"../../../Engine/Plugins/Editor/SpeedTreeImporter/Content/SpeedTree9/SpeedTreeWindMotion.uasset" 495
"../../../Engine/Plugins/Editor/SpeedTreeImporter/Content/SpeedTree9/SpeedTreeWindMotion.uexp" 496
"../../../Engine/Plugins/Editor/SpeedTreeImporter/Content/SpeedTree9/SpeedTreeBranchMotion.uasset" 497
"../../../Engine/Plugins/Editor/SpeedTreeImporter/Content/SpeedTree9/SpeedTreeBranchMotion.uexp" 498
"../../../Engine/Plugins/Editor/SpeedTreeImporter/Content/SpeedTree9/SpeedTreeWind.uasset" 499
"../../../Engine/Plugins/Editor/SpeedTreeImporter/Content/SpeedTree9/SpeedTreeWind.uexp" 500
"../../../Engine/Plugins/Editor/SpeedTreeImporter/Content/SpeedTree9/EmptyNormal.uasset" 501
"../../../Engine/Plugins/Editor/SpeedTreeImporter/Content/SpeedTree9/EmptyNormal.uexp" 502
"../../../Engine/Plugins/Editor/SpeedTreeImporter/Content/SpeedTree9/Empty.uasset" 503
"../../../Engine/Plugins/Editor/SpeedTreeImporter/Content/SpeedTree9/Empty.uexp" 504
"../../../Engine/Plugins/Editor/SpeedTreeImporter/Content/SpeedTree9/SpeedTreeMaster.uasset" 505
"../../../Engine/Plugins/Editor/SpeedTreeImporter/Content/SpeedTree9/SpeedTreeMaster.uexp" 506
"../../../Engine/Plugins/Editor/SpeedTreeImporter/Content/SpeedTree9/SpeedTreeBillboard.uasset" 507
"../../../Engine/Plugins/Editor/SpeedTreeImporter/Content/SpeedTree9/SpeedTreeBillboard.uexp" 508
"../../../Engine/Plugins/Editor/SpeedTreeImporter/Content/SpeedTree9/SpeedTreeBillboardMaster.uasset" 509
"../../../Engine/Plugins/Editor/SpeedTreeImporter/Content/SpeedTree9/SpeedTreeBillboardMaster.uexp" 510
"../../../Engine/Plugins/Interchange/Runtime/Content/Pipelines/DefaultSceneAssetsPipeline.uasset" 511
"../../../Engine/Plugins/Interchange/Runtime/Content/Pipelines/DefaultSceneAssetsPipeline.uexp" 512
"../../../Engine/Plugins/Interchange/Runtime/Content/Pipelines/DefaultMaterialPipeline.uasset" 513
"../../../Engine/Plugins/Interchange/Runtime/Content/Pipelines/DefaultMaterialPipeline.uexp" 514
"../../../Engine/Content/Functions/Engine_MaterialFunctions02/Texturing/CustomRotator.uasset" 515
"../../../Engine/Content/Functions/Engine_MaterialFunctions02/Texturing/CustomRotator.uexp" 516
"../../../Engine/Content/Functions/Engine_MaterialFunctions02/Texturing/ScreenAlignedPixelToPixelUVs.uasset" 517
"../../../Engine/Content/Functions/Engine_MaterialFunctions02/Texturing/ScreenAlignedPixelToPixelUVs.uexp" 518
"../../../Engine/Plugins/Interchange/Runtime/Content/Utilities/T_Bayer64_Grayscale_64px.uasset" 519
"../../../Engine/Plugins/Interchange/Runtime/Content/Utilities/T_Bayer64_Grayscale_64px.uexp" 520
"../../../Engine/Plugins/Interchange/Runtime/Content/gltf/MaterialFunctions/MF_Temporal_Blur.uasset" 521
"../../../Engine/Plugins/Interchange/Runtime/Content/gltf/MaterialFunctions/MF_Temporal_Blur.uexp" 522
"../../../Engine/Plugins/Interchange/Runtime/Content/gltf/MaterialFunctions/MF_Fresnel_DS.uasset" 523
"../../../Engine/Plugins/Interchange/Runtime/Content/gltf/MaterialFunctions/MF_Fresnel_DS.uexp" 524
"../../../Engine/Plugins/Interchange/Runtime/Content/Functions/MX_Transmission.uasset" 525
"../../../Engine/Plugins/Interchange/Runtime/Content/Functions/MX_Transmission.uexp" 526
"../../../Engine/Plugins/Interchange/Runtime/Content/Functions/MX_StandardSurface.uasset" 527
"../../../Engine/Plugins/Interchange/Runtime/Content/Functions/MX_StandardSurface.uexp" 528
"../../../Engine/Plugins/Interchange/Runtime/Content/Functions/MX_TransmissionSurface.uasset" 529
"../../../Engine/Plugins/Interchange/Runtime/Content/Functions/MX_TransmissionSurface.uexp" 530
"../../../Engine/Content/Functions/Engine_MaterialFunctions02/Math/AddComponents.uasset" 531
"../../../Engine/Content/Functions/Engine_MaterialFunctions02/Math/AddComponents.uexp" 532
"../../../Engine/Content/Functions/Engine_MaterialFunctions02/WorldPositionOffset/V2/ObjectScale.uasset" 533
"../../../Engine/Content/Functions/Engine_MaterialFunctions02/WorldPositionOffset/V2/ObjectScale.uexp" 534
"../../../Engine/Plugins/Interchange/Runtime/Content/gltf/MaterialFunctions/MF_TransmissionOpacity.uasset" 535
"../../../Engine/Plugins/Interchange/Runtime/Content/gltf/MaterialFunctions/MF_TransmissionOpacity.uexp" 536
"../../../Engine/Plugins/Interchange/Runtime/Content/gltf/MaterialFunctions/MF_RotateV2.uasset" 537
"../../../Engine/Plugins/Interchange/Runtime/Content/gltf/MaterialFunctions/MF_RotateV2.uexp" 538
"../../../Engine/Plugins/Interchange/Runtime/Content/gltf/MaterialFunctions/MF_TransformUVs.uasset" 539
"../../../Engine/Plugins/Interchange/Runtime/Content/gltf/MaterialFunctions/MF_TransformUVs.uexp" 540
"../../../Engine/Plugins/Interchange/Runtime/Content/gltf/Textures/T_White_srgb.uasset" 541
"../../../Engine/Plugins/Interchange/Runtime/Content/gltf/Textures/T_White_srgb.uexp" 542
"../../../Engine/Plugins/Interchange/Runtime/Content/gltf/MaterialFunctions/MF_BaseColor.uasset" 543
"../../../Engine/Plugins/Interchange/Runtime/Content/gltf/MaterialFunctions/MF_BaseColor.uexp" 544
"../../../Engine/Plugins/Interchange/Runtime/Content/gltf/MaterialFunctions/MF_DiffuseSpecGloss.uasset" 545
"../../../Engine/Plugins/Interchange/Runtime/Content/gltf/MaterialFunctions/MF_DiffuseSpecGloss.uexp" 546
"../../../Engine/Plugins/Interchange/Runtime/Content/gltf/Textures/T_White_Linear.uasset" 547
"../../../Engine/Plugins/Interchange/Runtime/Content/gltf/Textures/T_White_Linear.uexp" 548
"../../../Engine/Plugins/Interchange/Runtime/Content/gltf/MaterialFunctions/MF_MetallicRoughness.uasset" 549
"../../../Engine/Plugins/Interchange/Runtime/Content/gltf/MaterialFunctions/MF_MetallicRoughness.uexp" 550
"../../../Engine/Plugins/Interchange/Runtime/Content/gltf/MaterialFunctions/MF_Transmission.uasset" 551
"../../../Engine/Plugins/Interchange/Runtime/Content/gltf/MaterialFunctions/MF_Transmission.uexp" 552
"../../../Engine/Plugins/Interchange/Runtime/Content/gltf/MaterialFunctions/MF_Occlusion.uasset" 553
"../../../Engine/Plugins/Interchange/Runtime/Content/gltf/MaterialFunctions/MF_Occlusion.uexp" 554
"../../../Engine/Plugins/Interchange/Runtime/Content/gltf/MaterialFunctions/MF_Specular.uasset" 555
"../../../Engine/Plugins/Interchange/Runtime/Content/gltf/MaterialFunctions/MF_Specular.uexp" 556
"../../../Engine/Plugins/Interchange/Runtime/Content/gltf/MaterialFunctions/MF_IOR.uasset" 557
"../../../Engine/Plugins/Interchange/Runtime/Content/gltf/MaterialFunctions/MF_IOR.uexp" 558
"../../../Engine/Content/Functions/Engine_MaterialFunctions01/Texturing/FlattenNormal.uasset" 559
"../../../Engine/Content/Functions/Engine_MaterialFunctions01/Texturing/FlattenNormal.uexp" 560
"../../../Engine/Content/Functions/Engine_MaterialFunctions02/Math/Transform3x3Matrix.uasset" 561
"../../../Engine/Content/Functions/Engine_MaterialFunctions02/Math/Transform3x3Matrix.uexp" 562
"../../../Engine/Plugins/Interchange/Runtime/Content/gltf/MaterialFunctions/MF_RotateNormals_TS.uasset" 563
"../../../Engine/Plugins/Interchange/Runtime/Content/gltf/MaterialFunctions/MF_RotateNormals_TS.uexp" 564
"../../../Engine/Plugins/Interchange/Runtime/Content/gltf/Textures/T_Generic_N.uasset" 565
"../../../Engine/Plugins/Interchange/Runtime/Content/gltf/Textures/T_Generic_N.uexp" 566
"../../../Engine/Plugins/Interchange/Runtime/Content/gltf/MaterialFunctions/MF_Normals.uasset" 567
"../../../Engine/Plugins/Interchange/Runtime/Content/gltf/MaterialFunctions/MF_Normals.uexp" 568
"../../../Engine/Plugins/Interchange/Runtime/Content/gltf/MaterialFunctions/MF_PerceivedBrightness.uasset" 569
"../../../Engine/Plugins/Interchange/Runtime/Content/gltf/MaterialFunctions/MF_PerceivedBrightness.uexp" 570
"../../../Engine/Plugins/Interchange/Runtime/Content/gltf/MaterialFunctions/MF_SpecGlossToMetalRoughness.uasset" 571
"../../../Engine/Plugins/Interchange/Runtime/Content/gltf/MaterialFunctions/MF_SpecGlossToMetalRoughness.uexp" 572
"../../../Engine/Plugins/Interchange/Runtime/Content/gltf/M_Transmission.uasset" 573
"../../../Engine/Plugins/Interchange/Runtime/Content/gltf/M_Transmission.uexp" 574
"../../../Engine/Plugins/Interchange/Runtime/Content/gltf/MaterialInstances_MR/MI_Transmission_TS.uasset" 575
"../../../Engine/Plugins/Interchange/Runtime/Content/gltf/MaterialInstances_MR/MI_Transmission_TS.uexp" 576
"../../../Engine/Plugins/Interchange/Runtime/Content/gltf/MaterialInstances_MR/MI_Transmission.uasset" 577
"../../../Engine/Plugins/Interchange/Runtime/Content/gltf/MaterialInstances_MR/MI_Transmission.uexp" 578
"../../../Engine/Plugins/Interchange/Runtime/Content/gltf/MaterialFunctions/MF_Clearcoat.uasset" 579
"../../../Engine/Plugins/Interchange/Runtime/Content/gltf/MaterialFunctions/MF_Clearcoat.uexp" 580
"../../../Engine/Plugins/Interchange/Runtime/Content/gltf/MaterialFunctions/MF_Emissive.uasset" 581
"../../../Engine/Plugins/Interchange/Runtime/Content/gltf/MaterialFunctions/MF_Emissive.uexp" 582
"../../../Engine/Plugins/Interchange/Runtime/Content/gltf/M_Translucent.uasset" 583
"../../../Engine/Plugins/Interchange/Runtime/Content/gltf/M_Translucent.uexp" 584
"../../../Engine/Plugins/Interchange/Runtime/Content/gltf/MaterialInstances_MR/MI_Translucent_TS.uasset" 585
"../../../Engine/Plugins/Interchange/Runtime/Content/gltf/MaterialInstances_MR/MI_Translucent_TS.uexp" 586
"../../../Engine/Plugins/Interchange/Runtime/Content/gltf/MaterialInstances_MR/MI_Translucent_ClearCoat_TS.uasset" 587
"../../../Engine/Plugins/Interchange/Runtime/Content/gltf/MaterialInstances_MR/MI_Translucent_ClearCoat_TS.uexp" 588
"../../../Engine/Plugins/Interchange/Runtime/Content/gltf/MaterialInstances_MR/MI_Translucent_ClearCoat.uasset" 589
"../../../Engine/Plugins/Interchange/Runtime/Content/gltf/MaterialInstances_MR/MI_Translucent_ClearCoat.uexp" 590
"../../../Engine/Plugins/Interchange/Runtime/Content/gltf/MaterialInstances_MR/MI_Translucent.uasset" 591
"../../../Engine/Plugins/Interchange/Runtime/Content/gltf/MaterialInstances_MR/MI_Translucent.uexp" 592
"../../../Engine/Plugins/Interchange/Runtime/Content/gltf/M_Unlit.uasset" 593
"../../../Engine/Plugins/Interchange/Runtime/Content/gltf/M_Unlit.uexp" 594
"../../../Engine/Plugins/Interchange/Runtime/Content/gltf/MaterialInstances_MR/MI_Opaque_Unlit_TS.uasset" 595
"../../../Engine/Plugins/Interchange/Runtime/Content/gltf/MaterialInstances_MR/MI_Opaque_Unlit_TS.uexp" 596
"../../../Engine/Plugins/Interchange/Runtime/Content/gltf/MaterialInstances_MR/MI_Opaque_Unlit.uasset" 597
"../../../Engine/Plugins/Interchange/Runtime/Content/gltf/MaterialInstances_MR/MI_Opaque_Unlit.uexp" 598
"../../../Engine/Plugins/Interchange/Runtime/Content/gltf/M_Opaque.uasset" 599
"../../../Engine/Plugins/Interchange/Runtime/Content/gltf/M_Opaque.uexp" 600
"../../../Engine/Plugins/Interchange/Runtime/Content/gltf/MaterialInstances_MR/MI_Opaque_TS.uasset" 601
"../../../Engine/Plugins/Interchange/Runtime/Content/gltf/MaterialInstances_MR/MI_Opaque_TS.uexp" 602
"../../../Engine/Plugins/Interchange/Runtime/Content/gltf/MaterialFunctions/MF_Sheen.uasset" 603
"../../../Engine/Plugins/Interchange/Runtime/Content/gltf/MaterialFunctions/MF_Sheen.uexp" 604
"../../../Engine/Content/Functions/Engine_MaterialFunctions01/Shading/FuzzyShading.uasset" 605
"../../../Engine/Content/Functions/Engine_MaterialFunctions01/Shading/FuzzyShading.uexp" 606
"../../../Engine/Plugins/Interchange/Runtime/Content/gltf/M_Sheen.uasset" 607
"../../../Engine/Plugins/Interchange/Runtime/Content/gltf/M_Sheen.uexp" 608
"../../../Engine/Plugins/Interchange/Runtime/Content/gltf/MaterialInstances_MR/MI_Opaque_Sheen_TS.uasset" 609
"../../../Engine/Plugins/Interchange/Runtime/Content/gltf/MaterialInstances_MR/MI_Opaque_Sheen_TS.uexp" 610
"../../../Engine/Plugins/Interchange/Runtime/Content/gltf/MaterialInstances_MR/MI_Opaque_Sheen.uasset" 611
"../../../Engine/Plugins/Interchange/Runtime/Content/gltf/MaterialInstances_MR/MI_Opaque_Sheen.uexp" 612
"../../../Engine/Plugins/Interchange/Runtime/Content/gltf/MaterialInstances_MR/MI_Opaque_ClearCoat_TS.uasset" 613
"../../../Engine/Plugins/Interchange/Runtime/Content/gltf/MaterialInstances_MR/MI_Opaque_ClearCoat_TS.uexp" 614
"../../../Engine/Plugins/Interchange/Runtime/Content/gltf/MaterialInstances_MR/MI_Opaque_ClearCoat.uasset" 615
"../../../Engine/Plugins/Interchange/Runtime/Content/gltf/MaterialInstances_MR/MI_Opaque_ClearCoat.uexp" 616
"../../../Engine/Plugins/Interchange/Runtime/Content/gltf/MaterialInstances_MR/MI_Opaque.uasset" 617
"../../../Engine/Plugins/Interchange/Runtime/Content/gltf/MaterialInstances_MR/MI_Opaque.uexp" 618
"../../../Engine/Plugins/Interchange/Runtime/Content/gltf/MaterialInstances_SG/MI_Transmission_TS.uasset" 619
"../../../Engine/Plugins/Interchange/Runtime/Content/gltf/MaterialInstances_SG/MI_Transmission_TS.uexp" 620
"../../../Engine/Plugins/Interchange/Runtime/Content/gltf/MaterialInstances_SG/MI_Transmission.uasset" 621
"../../../Engine/Plugins/Interchange/Runtime/Content/gltf/MaterialInstances_SG/MI_Transmission.uexp" 622
"../../../Engine/Plugins/Interchange/Runtime/Content/gltf/MaterialInstances_SG/MI_Translucent_TS.uasset" 623
"../../../Engine/Plugins/Interchange/Runtime/Content/gltf/MaterialInstances_SG/MI_Translucent_TS.uexp" 624
"../../../Engine/Plugins/Interchange/Runtime/Content/gltf/MaterialInstances_SG/MI_Translucent_ClearCoat_TS.uasset" 625
"../../../Engine/Plugins/Interchange/Runtime/Content/gltf/MaterialInstances_SG/MI_Translucent_ClearCoat_TS.uexp" 626
"../../../Engine/Plugins/Interchange/Runtime/Content/gltf/MaterialInstances_SG/MI_Translucent_ClearCoat.uasset" 627
"../../../Engine/Plugins/Interchange/Runtime/Content/gltf/MaterialInstances_SG/MI_Translucent_ClearCoat.uexp" 628
"../../../Engine/Plugins/Interchange/Runtime/Content/gltf/MaterialInstances_SG/MI_Translucent.uasset" 629
"../../../Engine/Plugins/Interchange/Runtime/Content/gltf/MaterialInstances_SG/MI_Translucent.uexp" 630
"../../../Engine/Plugins/Interchange/Runtime/Content/gltf/MaterialInstances_SG/MI_Opaque_TS.uasset" 631
"../../../Engine/Plugins/Interchange/Runtime/Content/gltf/MaterialInstances_SG/MI_Opaque_TS.uexp" 632
"../../../Engine/Plugins/Interchange/Runtime/Content/gltf/MaterialInstances_SG/MI_Opaque_Sheen_TS.uasset" 633
"../../../Engine/Plugins/Interchange/Runtime/Content/gltf/MaterialInstances_SG/MI_Opaque_Sheen_TS.uexp" 634
"../../../Engine/Plugins/Interchange/Runtime/Content/gltf/MaterialInstances_SG/MI_Opaque_Sheen.uasset" 635
"../../../Engine/Plugins/Interchange/Runtime/Content/gltf/MaterialInstances_SG/MI_Opaque_Sheen.uexp" 636
"../../../Engine/Plugins/Interchange/Runtime/Content/gltf/MaterialInstances_SG/MI_Opaque_ClearCoat_TS.uasset" 637
"../../../Engine/Plugins/Interchange/Runtime/Content/gltf/MaterialInstances_SG/MI_Opaque_ClearCoat_TS.uexp" 638
"../../../Engine/Plugins/Interchange/Runtime/Content/gltf/MaterialInstances_SG/MI_Opaque_ClearCoat.uasset" 639
"../../../Engine/Plugins/Interchange/Runtime/Content/gltf/MaterialInstances_SG/MI_Opaque_ClearCoat.uexp" 640
"../../../Engine/Plugins/Interchange/Runtime/Content/gltf/MaterialInstances_SG/MI_Opaque.uasset" 641
"../../../Engine/Plugins/Interchange/Runtime/Content/gltf/MaterialInstances_SG/MI_Opaque.uexp" 642
"D:/Projects/LDJAM/Content/Materials/Textures/MailTruck/MailTruck_DefaultMaterial_OcclusionRoughnessMetallic.ubulk" 643
"D:/Projects/LDJAM/Content/Materials/Textures/MailTruck/MailTruck_DefaultMaterial_OcclusionRoughnessMetallic.uasset" 644
"D:/Projects/LDJAM/Content/Materials/Textures/MailTruck/MailTruck_DefaultMaterial_OcclusionRoughnessMetallic.uexp" 645
"D:/Projects/LDJAM/Content/Materials/Textures/MailTruck/MailTruck_DefaultMaterial_Normal.ubulk" 646
"D:/Projects/LDJAM/Content/Materials/Textures/MailTruck/MailTruck_DefaultMaterial_Normal.uasset" 647
"D:/Projects/LDJAM/Content/Materials/Textures/MailTruck/MailTruck_DefaultMaterial_Normal.uexp" 648
"D:/Projects/LDJAM/Content/Materials/Textures/MailTruck/MailTruck_DefaultMaterial_BaseColor.ubulk" 649
"D:/Projects/LDJAM/Content/Materials/Textures/MailTruck/MailTruck_DefaultMaterial_BaseColor.uasset" 650
"D:/Projects/LDJAM/Content/Materials/Textures/MailTruck/MailTruck_DefaultMaterial_BaseColor.uexp" 651
"D:/Projects/LDJAM/Content/Materials/M_MailTruck.uasset" 652
"D:/Projects/LDJAM/Content/Materials/M_MailTruck.uexp" 653
"D:/Projects/LDJAM/Content/Models/MailTruck.ubulk" 654
"D:/Projects/LDJAM/Content/Models/MailTruck.uasset" 655
"D:/Projects/LDJAM/Content/Models/MailTruck.uexp" 656
"../../../Engine/Content/EngineSky/T_Sky_Stars.ubulk" 657
"../../../Engine/Content/EngineSky/T_Sky_Stars.uasset" 658
"../../../Engine/Content/EngineSky/T_Sky_Stars.uexp" 659
"../../../Engine/Content/EngineSky/T_Sky_Clouds_M.ubulk" 660
"../../../Engine/Content/EngineSky/T_Sky_Clouds_M.uasset" 661
"../../../Engine/Content/EngineSky/T_Sky_Clouds_M.uexp" 662
"../../../Engine/Content/EngineSky/T_Sky_Blue.ubulk" 663
"../../../Engine/Content/EngineSky/T_Sky_Blue.uasset" 664
"../../../Engine/Content/EngineSky/T_Sky_Blue.uexp" 665
"../../../Engine/Content/EngineSky/M_Sky_Panning_Clouds2.uasset" 666
"../../../Engine/Content/EngineSky/M_Sky_Panning_Clouds2.uexp" 667
"../../../Engine/Content/EngineSky/SM_SkySphere.ubulk" 668
"../../../Engine/Content/EngineSky/SM_SkySphere.uasset" 669
"../../../Engine/Content/EngineSky/SM_SkySphere.uexp" 670
"D:/Projects/LDJAM/Content/Materials/MPC_CurveParams.uasset" 671
"D:/Projects/LDJAM/Content/Materials/MPC_CurveParams.uexp" 672
"D:/Projects/LDJAM/Content/Materials/MF_CurveWorld.uasset" 673
"D:/Projects/LDJAM/Content/Materials/MF_CurveWorld.uexp" 674
"D:/Projects/LDJAM/Content/Materials/M_ColorBase.uasset" 675
"D:/Projects/LDJAM/Content/Materials/M_ColorBase.uexp" 676
"D:/Projects/LDJAM/Content/Materials/MI_White.uasset" 677
"D:/Projects/LDJAM/Content/Materials/MI_White.uexp" 678
"D:/Projects/LDJAM/Content/Models/Fence.ubulk" 679
"D:/Projects/LDJAM/Content/Models/Fence.uasset" 680
"D:/Projects/LDJAM/Content/Models/Fence.uexp" 681
"../../../Engine/Plugins/FX/Niagara/Content/Enums/ENiagaraSphereDistributionMode.uasset" 682
"../../../Engine/Plugins/FX/Niagara/Content/Enums/ENiagaraSphereDistributionMode.uexp" 683
"../../../Engine/Plugins/FX/Niagara/Content/Enums/ENiagaraRandomnessMode.uasset" 684
"../../../Engine/Plugins/FX/Niagara/Content/Enums/ENiagaraRandomnessMode.uexp" 685
"../../../Engine/Plugins/FX/Niagara/Content/Enums/ENiagaraTorusDistributionMode.uasset" 686
"../../../Engine/Plugins/FX/Niagara/Content/Enums/ENiagaraTorusDistributionMode.uexp" 687
"../../../Engine/Plugins/FX/Niagara/Content/Enums/ENiagaraRandomnessEvaluation.uasset" 688
"../../../Engine/Plugins/FX/Niagara/Content/Enums/ENiagaraRandomnessEvaluation.uexp" 689
"../../../Engine/Plugins/FX/Niagara/Content/Enums/Location/ENiagara_LocationShapes.uasset" 690
"../../../Engine/Plugins/FX/Niagara/Content/Enums/Location/ENiagara_LocationShapes.uexp" 691
"../../../Engine/Plugins/FX/Niagara/Content/Enums/ENiagara_MassInitializationMode.uasset" 692
"../../../Engine/Plugins/FX/Niagara/Content/Enums/ENiagara_MassInitializationMode.uexp" 693
"../../../Engine/Plugins/FX/Niagara/Content/Enums/Location/ENiagara_CylinderMode.uasset" 694
"../../../Engine/Plugins/FX/Niagara/Content/Enums/Location/ENiagara_CylinderMode.uexp" 695
"D:/Projects/LDJAM/Content/Materials/M_ExhaustParticle.uasset" 696
"D:/Projects/LDJAM/Content/Materials/M_ExhaustParticle.uexp" 697
"D:/Projects/LDJAM/Content/FX/SM_ExhaustCube.ubulk" 698
"D:/Projects/LDJAM/Content/FX/SM_ExhaustCube.uasset" 699
"D:/Projects/LDJAM/Content/FX/SM_ExhaustCube.uexp" 700
"../../../Engine/Plugins/FX/Niagara/Content/Enums/ENiagara_PositionInitializationMode.uasset" 701
"../../../Engine/Plugins/FX/Niagara/Content/Enums/ENiagara_PositionInitializationMode.uexp" 702
"../../../Engine/Plugins/FX/Niagara/Content/Icons/Modules/T_Icon_Solver_LimitSpeed.uasset" 703
"../../../Engine/Plugins/FX/Niagara/Content/Icons/Modules/T_Icon_Solver_LimitSpeed.uexp" 704
"../../../Engine/Plugins/FX/Niagara/Content/Icons/Modules/T_Icon_Solver_RotationalSolve.uasset" 705
"../../../Engine/Plugins/FX/Niagara/Content/Icons/Modules/T_Icon_Solver_RotationalSolve.uexp" 706
"../../../Engine/Plugins/FX/Niagara/Content/Icons/Modules/T_Icon_Solver_LimitAccel.uasset" 707
"../../../Engine/Plugins/FX/Niagara/Content/Icons/Modules/T_Icon_Solver_LimitAccel.uexp" 708
"../../../Engine/Plugins/FX/Niagara/Content/Enums/ENiagara_SizeScaleMode.uasset" 709
"../../../Engine/Plugins/FX/Niagara/Content/Enums/ENiagara_SizeScaleMode.uexp" 710
"../../../Engine/Plugins/FX/Niagara/Content/Enums/ENiagara_UVFlippingMode.uasset" 711
"../../../Engine/Plugins/FX/Niagara/Content/Enums/ENiagara_UVFlippingMode.uexp" 712
"../../../Engine/Plugins/FX/Niagara/Content/Enums/Ribbons/ENiagara_UnsetDirectSetRandom.uasset" 713
"../../../Engine/Plugins/FX/Niagara/Content/Enums/Ribbons/ENiagara_UnsetDirectSetRandom.uexp" 714
"../../../Engine/Plugins/FX/Niagara/Content/Enums/ENiagara_LifetimeMode.uasset" 715
"../../../Engine/Plugins/FX/Niagara/Content/Enums/ENiagara_LifetimeMode.uexp" 716
"../../../Engine/Plugins/FX/Niagara/Content/Enums/Ribbons/ENiagara_UnsetDirectSet.uasset" 717
"../../../Engine/Plugins/FX/Niagara/Content/Enums/Ribbons/ENiagara_UnsetDirectSet.uexp" 718
"../../../Engine/Plugins/FX/Niagara/Content/Enums/ENiagara_SpriteRotationMode.uasset" 719
"../../../Engine/Plugins/FX/Niagara/Content/Enums/ENiagara_SpriteRotationMode.uexp" 720
"../../../Engine/Plugins/FX/Niagara/Content/Enums/ENiagara_ColorInitializationMode.uasset" 721
"../../../Engine/Plugins/FX/Niagara/Content/Enums/ENiagara_ColorInitializationMode.uexp" 722
"../../../Engine/Plugins/FX/Niagara/Content/Enums/ENiagaraChannelCorrelation.uasset" 723
"../../../Engine/Plugins/FX/Niagara/Content/Enums/ENiagaraChannelCorrelation.uexp" 724
"../../../Engine/Plugins/FX/Niagara/Content/Enums/Transforms/ENiagara_ScaleMode.uasset" 725
"../../../Engine/Plugins/FX/Niagara/Content/Enums/Transforms/ENiagara_ScaleMode.uexp" 726
"../../../Engine/Plugins/FX/Niagara/Content/Enums/Angles/ENiagara_AngleInput.uasset" 727
"../../../Engine/Plugins/FX/Niagara/Content/Enums/Angles/ENiagara_AngleInput.uexp" 728
"../../../Engine/Plugins/FX/Niagara/Content/Enums/Utility/ENiagara_VelocityMode.uasset" 729
"../../../Engine/Plugins/FX/Niagara/Content/Enums/Utility/ENiagara_VelocityMode.uexp" 730
"../../../Engine/Plugins/FX/Niagara/Content/Enums/Transforms/ENiagara_RotationMode.uasset" 731
"../../../Engine/Plugins/FX/Niagara/Content/Enums/Transforms/ENiagara_RotationMode.uexp" 732
"../../../Engine/Plugins/FX/Niagara/Content/Enums/ENiagaraEmitterLifeCycleMode.uasset" 733
"../../../Engine/Plugins/FX/Niagara/Content/Enums/ENiagaraEmitterLifeCycleMode.uexp" 734
"../../../Engine/Plugins/FX/Niagara/Content/Enums/ENiagara_InfiniteLoopDuration.uasset" 735
"../../../Engine/Plugins/FX/Niagara/Content/Enums/ENiagara_InfiniteLoopDuration.uexp" 736
"../../../Engine/Plugins/FX/Niagara/Content/Enums/ENiagara_EmitterStateOptions.uasset" 737
"../../../Engine/Plugins/FX/Niagara/Content/Enums/ENiagara_EmitterStateOptions.uexp" 738
"../../../Engine/Plugins/FX/Niagara/Content/Enums/ENiagaraInactiveMode.uasset" 739
"../../../Engine/Plugins/FX/Niagara/Content/Enums/ENiagaraInactiveMode.uexp" 740
"../../../Engine/Plugins/FX/Niagara/Content/Enums/ENiagaraExecutionStateManagement.uasset" 741
"../../../Engine/Plugins/FX/Niagara/Content/Enums/ENiagaraExecutionStateManagement.uexp" 742
"../../../Engine/Plugins/FX/Niagara/Content/Enums/ENiagaraEmitterScalabilityMode_Limited.uasset" 743
"../../../Engine/Plugins/FX/Niagara/Content/Enums/ENiagaraEmitterScalabilityMode_Limited.uexp" 744
"../../../Engine/Plugins/FX/Niagara/Content/Enums/Location/ENiagara_ConeMode.uasset" 745
"../../../Engine/Plugins/FX/Niagara/Content/Enums/Location/ENiagara_ConeMode.uexp" 746
"../../../Engine/Plugins/FX/Niagara/Content/Enums/ENiagaraSystemInactiveMode.uasset" 747
"../../../Engine/Plugins/FX/Niagara/Content/Enums/ENiagaraSystemInactiveMode.uexp" 748
"../../../Engine/Plugins/FX/Niagara/Content/Enums/ENiagara_AttributeSamplingApplyOutput.uasset" 749
"../../../Engine/Plugins/FX/Niagara/Content/Enums/ENiagara_AttributeSamplingApplyOutput.uexp" 750
"../../../Engine/Plugins/FX/Niagara/Content/Enums/Transforms/ENiagara_OffsetMode.uasset" 751
"../../../Engine/Plugins/FX/Niagara/Content/Enums/Transforms/ENiagara_OffsetMode.uexp" 752
"../../../Engine/Plugins/FX/Niagara/Content/Enums/Location/ENiagara_BoxPlaneMode.uasset" 753
"../../../Engine/Plugins/FX/Niagara/Content/Enums/Location/ENiagara_BoxPlaneMode.uexp" 754
"../../../Engine/Plugins/FX/Niagara/Content/Enums/Transforms/ENiagara_TransformOrder.uasset" 755
"../../../Engine/Plugins/FX/Niagara/Content/Enums/Transforms/ENiagara_TransformOrder.uexp" 756
"../../../Engine/Plugins/FX/Niagara/Content/Enums/Location/ENiagaraRingDiscMode.uasset" 757
"../../../Engine/Plugins/FX/Niagara/Content/Enums/Location/ENiagaraRingDiscMode.uexp" 758
"../../../Engine/Plugins/FX/Niagara/Content/Enums/ENiagaraShapeTorusMode.uasset" 759
"../../../Engine/Plugins/FX/Niagara/Content/Enums/ENiagaraShapeTorusMode.uexp" 760
"../../../Engine/Plugins/FX/Niagara/Content/Enums/ENiagaraExpansionMode.uasset" 761
"../../../Engine/Plugins/FX/Niagara/Content/Enums/ENiagaraExpansionMode.uexp" 762
"../../../Engine/Plugins/FX/Niagara/Content/Enums/Transforms/ENiagara_TransformType.uasset" 763
"../../../Engine/Plugins/FX/Niagara/Content/Enums/Transforms/ENiagara_TransformType.uexp" 764
"../../../Engine/Plugins/FX/Niagara/Content/Icons/Modules/T_Icon_Particle_InfiniteLife.uasset" 765
"../../../Engine/Plugins/FX/Niagara/Content/Icons/Modules/T_Icon_Particle_InfiniteLife.uexp" 766
"D:/Projects/LDJAM/Content/FX/NS_VanExhaust.uasset" 767
"D:/Projects/LDJAM/Content/FX/NS_VanExhaust.uexp" 768
"D:/Projects/LDJAM/Content/UI/WBP_Pause.uasset" 769
"D:/Projects/LDJAM/Content/UI/WBP_Pause.uexp" 770
"D:/Projects/LDJAM/Content/Inputs/IA_ThrowLeft.uasset" 771
"D:/Projects/LDJAM/Content/Inputs/IA_ThrowLeft.uexp" 772
"D:/Projects/LDJAM/Content/Blueprints/GameData/BP_DeliveryGameInstance.uasset" 773
"D:/Projects/LDJAM/Content/Blueprints/GameData/BP_DeliveryGameInstance.uexp" 774
"D:/Projects/LDJAM/Content/UI/WBP_Death.uasset" 775
"D:/Projects/LDJAM/Content/UI/WBP_Death.uexp" 776
"D:/Projects/LDJAM/Content/UI/WBP_PlayerUI.uasset" 777
"D:/Projects/LDJAM/Content/UI/WBP_PlayerUI.uexp" 778
"D:/Projects/LDJAM/Content/Inputs/IA_ThrowRight.uasset" 779
"D:/Projects/LDJAM/Content/Inputs/IA_ThrowRight.uexp" 780
"D:/Projects/LDJAM/Content/Inputs/IM_Throwing.uasset" 781
"D:/Projects/LDJAM/Content/Inputs/IM_Throwing.uexp" 782
"D:/Projects/LDJAM/Content/Audio/hitHurt.ubulk" 783
"D:/Projects/LDJAM/Content/Audio/hitHurt.uasset" 784
"D:/Projects/LDJAM/Content/Audio/hitHurt.uexp" 785
"D:/Projects/LDJAM/Content/Materials/Textures/Package_01_DefaultMaterial_OcclusionRoughnessMetallic.ubulk" 786
"D:/Projects/LDJAM/Content/Materials/Textures/Package_01_DefaultMaterial_OcclusionRoughnessMetallic.uasset" 787
"D:/Projects/LDJAM/Content/Materials/Textures/Package_01_DefaultMaterial_OcclusionRoughnessMetallic.uexp" 788
"D:/Projects/LDJAM/Content/Materials/Textures/Package_01_DefaultMaterial_Normal.ubulk" 789
"D:/Projects/LDJAM/Content/Materials/Textures/Package_01_DefaultMaterial_Normal.uasset" 790
"D:/Projects/LDJAM/Content/Materials/Textures/Package_01_DefaultMaterial_Normal.uexp" 791
"D:/Projects/LDJAM/Content/Materials/Textures/Package_01_DefaultMaterial_BaseColor.ubulk" 792
"D:/Projects/LDJAM/Content/Materials/Textures/Package_01_DefaultMaterial_BaseColor.uasset" 793
"D:/Projects/LDJAM/Content/Materials/Textures/Package_01_DefaultMaterial_BaseColor.uexp" 794
"D:/Projects/LDJAM/Content/Materials/M_Package.uasset" 795
"D:/Projects/LDJAM/Content/Materials/M_Package.uexp" 796
"D:/Projects/LDJAM/Content/Models/Package_01_Package_02.ubulk" 797
"D:/Projects/LDJAM/Content/Models/Package_01_Package_02.uasset" 798
"D:/Projects/LDJAM/Content/Models/Package_01_Package_02.uexp" 799
"D:/Projects/LDJAM/Content/Blueprints/BP_DeliveryPackage.uasset" 800
"D:/Projects/LDJAM/Content/Blueprints/BP_DeliveryPackage.uexp" 801
"D:/Projects/LDJAM/Content/Audio/TruckIdle.ubulk" 802
"D:/Projects/LDJAM/Content/Audio/TruckIdle.uasset" 803
"D:/Projects/LDJAM/Content/Audio/TruckIdle.uexp" 804
"D:/Projects/LDJAM/Content/Audio/MS_TruckEngine.uasset" 805
"D:/Projects/LDJAM/Content/Audio/MS_TruckEngine.uexp" 806
"D:/Projects/LDJAM/Content/Audio/ThrowPackage.ubulk" 807
"D:/Projects/LDJAM/Content/Audio/ThrowPackage.uasset" 808
"D:/Projects/LDJAM/Content/Audio/ThrowPackage.uexp" 809
"D:/Projects/LDJAM/Content/Audio/pickupCoin.ubulk" 810
"D:/Projects/LDJAM/Content/Audio/pickupCoin.uasset" 811
"D:/Projects/LDJAM/Content/Audio/pickupCoin.uexp" 812
"D:/Projects/LDJAM/Content/Blueprints/GameData/BP_PlayerCharacter.uasset" 813
"D:/Projects/LDJAM/Content/Blueprints/GameData/BP_PlayerCharacter.uexp" 814
"D:/Projects/LDJAM/Content/Materials/MI_GreenTree.uasset" 815
"D:/Projects/LDJAM/Content/Materials/MI_GreenTree.uexp" 816
"D:/Projects/LDJAM/Content/Models/Grass_01.ubulk" 817
"D:/Projects/LDJAM/Content/Models/Grass_01.uasset" 818
"D:/Projects/LDJAM/Content/Models/Grass_01.uexp" 819
"D:/Projects/LDJAM/Content/Materials/MI_Brown.uasset" 820
"D:/Projects/LDJAM/Content/Materials/MI_Brown.uexp" 821
"D:/Projects/LDJAM/Content/Materials/MI_DarkGreen.uasset" 822
"D:/Projects/LDJAM/Content/Materials/MI_DarkGreen.uexp" 823
"D:/Projects/LDJAM/Content/Models/Tree_01.ubulk" 824
"D:/Projects/LDJAM/Content/Models/Tree_01.uasset" 825
"D:/Projects/LDJAM/Content/Models/Tree_01.uexp" 826
"D:/Projects/LDJAM/Content/Audio/SunBath_-DeeYankay.ubulk" 827
"D:/Projects/LDJAM/Content/Audio/SunBath_-DeeYankay.uasset" 828
"D:/Projects/LDJAM/Content/Audio/SunBath_-DeeYankay.uexp" 829
"D:/Projects/LDJAM/Content/Audio/MS_Music.uasset" 830
"D:/Projects/LDJAM/Content/Audio/MS_Music.uexp" 831
"D:/Projects/LDJAM/Content/Blueprints/GameData/BP_DeliveryGamemode.uasset" 832
"D:/Projects/LDJAM/Content/Blueprints/GameData/BP_DeliveryGamemode.uexp" 833
"D:/Projects/LDJAM/Content/Materials/MI_Road.uasset" 834
"D:/Projects/LDJAM/Content/Materials/MI_Road.uexp" 835
"D:/Projects/LDJAM/Content/Materials/MI_RoadStripes.uasset" 836
"D:/Projects/LDJAM/Content/Materials/MI_RoadStripes.uexp" 837
"D:/Projects/LDJAM/Content/Models/Road_Piece_02.ubulk" 838
"D:/Projects/LDJAM/Content/Models/Road_Piece_02.uasset" 839
"D:/Projects/LDJAM/Content/Models/Road_Piece_02.uexp" 840
"D:/Projects/LDJAM/Content/Materials/M_TriggerZone.uasset" 841
"D:/Projects/LDJAM/Content/Materials/M_TriggerZone.uexp" 842
"D:/Projects/LDJAM/Content/Models/KeyTriggerVolume.ubulk" 843
"D:/Projects/LDJAM/Content/Models/KeyTriggerVolume.uasset" 844
"D:/Projects/LDJAM/Content/Models/KeyTriggerVolume.uexp" 845
"D:/Projects/LDJAM/Content/Materials/Textures/House_01/House_01_DefaultMaterial_OcclusionRoughnessMetallic.ubulk" 846
"D:/Projects/LDJAM/Content/Materials/Textures/House_01/House_01_DefaultMaterial_OcclusionRoughnessMetallic.uasset" 847
"D:/Projects/LDJAM/Content/Materials/Textures/House_01/House_01_DefaultMaterial_OcclusionRoughnessMetallic.uexp" 848
"D:/Projects/LDJAM/Content/Materials/Textures/House_01/House_01_DefaultMaterial_BaseColor.ubulk" 849
"D:/Projects/LDJAM/Content/Materials/Textures/House_01/House_01_DefaultMaterial_BaseColor.uasset" 850
"D:/Projects/LDJAM/Content/Materials/Textures/House_01/House_01_DefaultMaterial_BaseColor.uexp" 851
"D:/Projects/LDJAM/Content/Materials/Textures/House_01/House_01_DefaultMaterial_Normal.ubulk" 852
"D:/Projects/LDJAM/Content/Materials/Textures/House_01/House_01_DefaultMaterial_Normal.uasset" 853
"D:/Projects/LDJAM/Content/Materials/Textures/House_01/House_01_DefaultMaterial_Normal.uexp" 854
"D:/Projects/LDJAM/Content/Materials/Textures/House_01/M_House_01.uasset" 855
"D:/Projects/LDJAM/Content/Materials/Textures/House_01/M_House_01.uexp" 856
"D:/Projects/LDJAM/Content/Models/House_01.ubulk" 857
"D:/Projects/LDJAM/Content/Models/House_01.uasset" 858
"D:/Projects/LDJAM/Content/Models/House_01.uexp" 859
"D:/Projects/LDJAM/Content/UI/WBP_KeyPopUp.uasset" 860
"D:/Projects/LDJAM/Content/UI/WBP_KeyPopUp.uexp" 861
"D:/Projects/LDJAM/Content/Materials/Textures/House_03/House_03_DefaultMaterial_Normal.ubulk" 862
"D:/Projects/LDJAM/Content/Materials/Textures/House_03/House_03_DefaultMaterial_Normal.uasset" 863
"D:/Projects/LDJAM/Content/Materials/Textures/House_03/House_03_DefaultMaterial_Normal.uexp" 864
"D:/Projects/LDJAM/Content/Materials/Textures/House_03/House_03_DefaultMaterial_OcclusionRoughnessMetallic.ubulk" 865
"D:/Projects/LDJAM/Content/Materials/Textures/House_03/House_03_DefaultMaterial_OcclusionRoughnessMetallic.uasset" 866
"D:/Projects/LDJAM/Content/Materials/Textures/House_03/House_03_DefaultMaterial_OcclusionRoughnessMetallic.uexp" 867
"D:/Projects/LDJAM/Content/Materials/Textures/House_03/House_03_DefaultMaterial_BaseColor.ubulk" 868
"D:/Projects/LDJAM/Content/Materials/Textures/House_03/House_03_DefaultMaterial_BaseColor.uasset" 869
"D:/Projects/LDJAM/Content/Materials/Textures/House_03/House_03_DefaultMaterial_BaseColor.uexp" 870
"D:/Projects/LDJAM/Content/Materials/M_House_03.uasset" 871
"D:/Projects/LDJAM/Content/Materials/M_House_03.uexp" 872
"D:/Projects/LDJAM/Content/Models/House_03.ubulk" 873
"D:/Projects/LDJAM/Content/Models/House_03.uasset" 874
"D:/Projects/LDJAM/Content/Models/House_03.uexp" 875
"../../../Engine/Plugins/FX/Niagara/Content/Enums/ENiagaraScaleColorMode.uasset" 876
"../../../Engine/Plugins/FX/Niagara/Content/Enums/ENiagaraScaleColorMode.uexp" 877
"D:/Projects/LDJAM/Content/FX/NS_HouseSmoke.uasset" 878
"D:/Projects/LDJAM/Content/FX/NS_HouseSmoke.uexp" 879
"D:/Projects/LDJAM/Content/Blueprints/BP_House.uasset" 880
"D:/Projects/LDJAM/Content/Blueprints/BP_House.uexp" 881
"D:/Projects/LDJAM/Content/Models/Flower_01.ubulk" 882
"D:/Projects/LDJAM/Content/Models/Flower_01.uasset" 883
"D:/Projects/LDJAM/Content/Models/Flower_01.uexp" 884
"D:/Projects/LDJAM/Content/Blueprints/BP_Road.uasset" 885
"D:/Projects/LDJAM/Content/Blueprints/BP_Road.uexp" 886
"D:/Projects/LDJAM/Content/UI/WBP_MainMenu.uasset" 887
"D:/Projects/LDJAM/Content/UI/WBP_MainMenu.uexp" 888
"D:/Projects/LDJAM/Content/Blueprints/MainMenuGM.uasset" 889
"D:/Projects/LDJAM/Content/Blueprints/MainMenuGM.uexp" 890
"../../../Engine/Content/EngineSky/M_SimpleSkyDome.uasset" 891
"../../../Engine/Content/EngineSky/M_SimpleSkyDome.uexp" 892
"D:/Projects/LDJAM/Content/Levels/MainMenu.uexp" 893
"D:/Projects/LDJAM/Content/Levels/MainMenu.umap" 894
"D:/Projects/LDJAM/Content/Levels/DevRoom.uexp" 895
"D:/Projects/LDJAM/Content/Levels/DevRoom.umap" 896
"../../../Engine/Content/Maps/Entry_BuiltData.uasset" 897
"../../../Engine/Content/Maps/Entry_BuiltData.uexp" 898
"../../../Engine/Content/Maps/Entry.uexp" 899
"../../../Engine/Content/Maps/Entry.umap" 900
